
***************************** TUFLOWFV *****************************

Build version: 2019.01.010_dev
Build date: 14/05/2019 15:00
Build platform: Linux
Build architecture:  x86-64
Compiler version: Ifort 19.0.3
Build precision: single
GIS Module Version: 2019-02-BF

********************************************************************

Computer name: mickey
User name: hydro
Execution timestamp: 20/02/2020 14:47:08

Attempting to process input control file:
Trying to open file: erie.fvc ... OK. File unit: 101
Start echoing input file:
SPHERICAL == .TRUE.
INCLUDE SALINITY == .TRUE.
COUPLE SALINITY DENSITY == .TRUE.
INCLUDE TEMPERATURE == .TRUE.
COUPLE TEMPERATURE DENSITY == .TRUE.
INCLUDE SEDIMENT == .FALSE.
INCLUDE HEAT == .TRUE.
INCLUDE ICE == .TRUE.
LONG WAVE RADIATION MODEL == 3
SW RADIATION ALBEDO (MEAN AT EQUATOR) ==   0.2500000
MOMENTUM MIXING MODEL == SMAGORINSKY
SCALAR MIXING MODEL == SMAGORINSKY
VERTICAL MIXING MODEL == EXTERNAL
EXTERNAL TURBULENCE MODEL DIR == ../External/GOTM/
WATER QUALITY MODEL == EXTERNAL
EXTERNAL WATER QUALITY MODEL DIR == ../External/AED2/
SPATIAL ORDER == 1, 2
VERTICALGRADIENTLIMITER == MC
BOTTOM DRAG MODEL == KS
EQUATION OF STATE == UNESCO
TIME FORMAT == ISO DATE
REFERENCE TIME == 01/01/2001 00:00:00
START TIME == 01/04/2013 00:00:00
END TIME == 31/12/2013 06:00:00
CFL EXTERNAL ==   0.9000000
CFL INTERNAL ==   0.9000000
TIMESTEP LIMITS ==   0.1000000E+00,   10.000000
TURBULENCE UPDATE DT ==    600.0000
DISPLAY DT ==    900.0000
STABILITY LIMITS ==    15.00000    ,    15.00000
WARNING: Wet depth is less than dry depth. Momentum will never be switched off
CELL DRY/WET DEPTHS ==   0.1000000E+00,   0.1000000E+00
G ==    9.810000
LATITUDE ==    42.12221
REFERENCE SALINITY ==    35.00000
REFERENCE TEMPERATURE ==    18.00000
REFERENCE DENSITY ==   1000.0000
DENSITY AIR ==    1.180000
GLOBAL BOTTOM ROUGHNESS ==   0.2000000E-02
GLOBAL HORIZONTAL EDDY VISCOSITY (SMAG COEFF) ==   0.2000000
GLOBAL HORIZONTAL SCALAR DIFFUSIVITY (SMAG COEFF) ==   0.2000000
DIFFUSIVITY LIMITER DT ==    30.00000
KINEMATIC VISCOSITY ==   0.1000000E-05
GLOBAL VERTICAL EDDY VISCOSITY LIMITS ==   0.1000000E-03,    9999.000
GLOBAL VERTICAL SCALAR DIFFUSIVITY LIMITS ==   0.1000000E-05,    9999.000
GEOMETRY2D == ../Geo/Erie_v5_Substrates_LL.2dm
VERTICAL MESH TYPE == Z
LAYER FACE FILE == ../Geo/layers.csv
SURFACE SIGMA LAYERS == 2
MINIMUM LAYER THICKNESS ==   0.1000000E+00
CELL 3D DEPTH ==   0.5000000
MATERIAL == 1
  BOTTOM ROUGHNESS ==   0.5000000E-02
END MATERIAL
MATERIAL == 2
  BOTTOM ROUGHNESS ==   0.5000000E-02
END MATERIAL
MATERIAL == 3
  BOTTOM ROUGHNESS ==   0.5000000E-02
END MATERIAL
MATERIAL == 4
  BOTTOM ROUGHNESS ==   0.5000000E-02
END MATERIAL
MATERIAL == 5
  BOTTOM ROUGHNESS ==   0.5000000E-02
END MATERIAL
MATERIAL == 6
  BOTTOM ROUGHNESS ==   0.5000000E-02
END MATERIAL
MATERIAL == 7
  BOTTOM ROUGHNESS ==   0.5000000E-02
END MATERIAL
MATERIAL == 8
  BOTTOM ROUGHNESS ==   0.5000000E-02
END MATERIAL
MATERIAL == 9
  BOTTOM ROUGHNESS ==   0.5000000E-02
END MATERIAL
MATERIAL == 10
  BOTTOM ROUGHNESS ==   0.5000000E-02
END MATERIAL
MATERIAL == 11
  BOTTOM ROUGHNESS ==   0.5000000E-02
END MATERIAL
NTRACER == 1
INITIAL CONDITION 2D == ../BCs/IC/IC_AED2_20130413.csv
GRID DEFINITION FILE == ../BCs/Met/Wind_ll_20131001_20151001.nc
GRID DEFINITION VARIABLES ==  LON, LAT
GRID DEFINITION LABEL == WIND_GRID
END GRID
BC == W10_GRID, WIND_GRID, ../BCs/Met/Wind_ll_20131001_20151001.nc
  BC HEADER ==  time, u, v
BC REFERENCE TIME == 01/01/1990 00:00:00
  BC TIME UNITS == HOURS
  UPDATE DT ==    3600.000
  BC SCALE ==   1.0000000,  1.0000000
END BC
GRID DEFINITION FILE == ../BCs/Met/Temperature_ll_20131001_20151001.nc
GRID DEFINITION VARIABLES ==  LON, LAT
GRID DEFINITION LABEL == TEMP_GRID
END GRID
BC == AIR_TEMP_GRID, TEMP_GRID, ../BCs/Met/Temperature_ll_20131001_20151001.nc
  BC HEADER ==  time, temp
BC REFERENCE TIME == 01/01/1990 00:00:00
  BC TIME UNITS == HOURS
  UPDATE DT ==    3600.000
END BC
GRID DEFINITION FILE == ../BCs/Met/RelHum_ll_20131001_20151001.nc
GRID DEFINITION VARIABLES ==  LON, LAT
GRID DEFINITION LABEL == RHUM_GRID
END GRID
BC == REL_HUM_GRID, RHUM_GRID, ../BCs/Met/RelHum_ll_20131001_20151001.nc
  BC HEADER ==  time, rhum
BC REFERENCE TIME == 01/01/1990 00:00:00
  BC TIME UNITS == HOURS
  UPDATE DT ==    3600.000
END BC
GRID DEFINITION FILE == ../BCs/Met/Radiation_ll_20130930_20150930.nc
GRID DEFINITION VARIABLES ==  LON, LAT
GRID DEFINITION LABEL == RAD_GRID
END GRID
BC == SW_RAD_GRID, RAD_GRID, ../BCs/Met/Radiation_ll_20130930_20150930.nc
  BC HEADER ==  time, dswr
BC REFERENCE TIME == 01/01/1990 00:00:00
  BC TIME UNITS == HOURS
  UPDATE DT ==    3600.000
END BC
BC == LW_RAD_GRID, RAD_GRID, ../BCs/Met/Radiation_ll_20130930_20150930.nc
  BC HEADER ==  time, dlwr
BC REFERENCE TIME == 01/01/1990 00:00:00
  BC TIME UNITS == HOURS
  UPDATE DT ==    3600.000
END BC
BC == Q, 1, ../BCs/Inflows/2002-14_flwo_Nia_v02.csv
  BC HEADER ==  TIME, FLOW
  BC SCALE ==  -1.0000000
END BC
BC == Q, 2, ../BCs/Inflows/2002-14_flwi_Det_v02.csv
  BC HEADER ==  TIME, Q, SAL, TEMP, T1, SS1, AGE, OXY, SIL, AMM, NIT, FRP, FRP_ADS, DOC, POC, DON, PON, DOP, POP, CY, CYr, CYin, CYip, CH, CHin, CHip, CR, CRin, CRip, ED, EDin, EDip, LD, LDin, LDip, CGM, CGMip
END BC
BC == QC,   -79.57214    ,    42.84265    , ../BCs/Inflows/2002-14_flwi_Gra_ON-WQ_v02.csv
  BC HEADER ==  TIME, Q, SAL, TEMP, T1, SS1, AGE, OXY, SIL, AMM, NIT, FRP, FRP_ADS, DOC, POC, DON, PON, DOP, POP, CY, CYr, CYin, CYip, CH, CHin, CHip, CR, CRin, CRip, ED, EDin, EDip, LD, LDin, LDip, CGM, CGMip
END BC
BC == QC,   -83.35295    ,    41.69706    , ../BCs/Inflows/2002-14_flwi_Mau-WQ_v02.csv
  BC HEADER ==  TIME, Q, SAL, TEMP, T1, SS1, AGE, OXY, SIL, AMM, NIT, FRP, FRP_ADS, DOC, POC, DON, PON, DOP, POP, CY, CYr, CYin, CYip, CH, CHin, CHip, CR, CRin, CRip, ED, EDin, EDip, LD, LDin, LDip, CGM, CGMip
END BC
BC == QC,   -82.64740    ,    41.45536    , ../BCs/Inflows/2002-14_flwi_Snd-WQ_v02.csv
  BC HEADER ==  TIME, Q, SAL, TEMP, T1, SS1, AGE, OXY, SIL, AMM, NIT, FRP, FRP_ADS, DOC, POC, DON, PON, DOP, POP, CY, CYr, CYin, CYip, CH, CHin, CHip, CR, CRin, CRip, ED, EDin, EDip, LD, LDin, LDip, CGM, CGMip
END BC
BC == QC,   -81.74143    ,    41.50213    , ../BCs/Inflows/2002-14_flwi_Cuy-WQ_v02.csv
  BC HEADER ==  TIME, Q, SAL, TEMP, T1, SS1, AGE, OXY, SIL, AMM, NIT, FRP, FRP_ADS, DOC, POC, DON, PON, DOP, POP, CY, CYr, CYin, CYip, CH, CHin, CHip, CR, CRin, CRip, ED, EDin, EDip, LD, LDin, LDip, CGM, CGMip
END BC
OUTPUT DIR == ../Output/
OUTPUT == NETCDF
  SUFFIX == TFV
  OUTPUT PARAMETERS ==  D, H, V, W, W10, SAL, TEMP,
  OUTPUT INTERVAL ==    28800.00
END OUTPUT
OUTPUT == NETCDF
  SUFFIX == AED
  OUTPUT PARAMETERS ==  D, H, WQ_ALL,
  OUTPUT INTERVAL ==    28800.00
END OUTPUT
OUTPUT == NETCDF
  SUFFIX == AED_diag
  OUTPUT PARAMETERS ==  D, H, WQ_DIAG_ALL,
  OUTPUT INTERVAL ==    28800.00
END OUTPUT
OUTPUT == FLUX
  OUTPUT INTERVAL ==    7200.000
END OUTPUT
OUTPUT == POINTS
  OUTPUT POINTS FILE == ../Geo/output_points_epa.csv
  VERTICAL AVERAGING == DEPTH-RANGE   0.000000     to    5.000000
  SUFFIX == depth_surf_temp
  OUTPUT PARAMETERS ==  TEMP,
  OUTPUT INTERVAL ==    7200.000
END OUTPUT
OUTPUT == POINTS
  OUTPUT POINTS FILE == ../Geo/output_points_epa.csv
  VERTICAL AVERAGING == DEPTH-RANGE   0.000000     to    5.000000
  SUFFIX == depth_surf_TOT_TN
  OUTPUT PARAMETERS ==  WQ_DIAG_TOT_TN,
  OUTPUT INTERVAL ==    7200.000
END OUTPUT
OUTPUT == POINTS
  OUTPUT POINTS FILE == ../Geo/output_points_epa.csv
  VERTICAL AVERAGING == DEPTH-RANGE   0.000000     to    5.000000
  SUFFIX == depth_surf_PHY_EDIAT_fPho
  OUTPUT PARAMETERS ==  WQ_DIAG_PHY_EDIAT_FPHO,
  OUTPUT INTERVAL ==    7200.000
END OUTPUT
OUTPUT == POINTS
  OUTPUT POINTS FILE == ../Geo/output_points_epa.csv
  VERTICAL AVERAGING == LAYER-RANGE-BOT  1.0000000     to   1.0000000
  SUFFIX == bot_tbiv
  OUTPUT PARAMETERS ==  WQ_DIAG_BIV_TBIV,
  OUTPUT INTERVAL ==    7200.000
END OUTPUT
WRITE RESTART DT ==    86400.00
Closing file unit: 101
Finished echoing input file.
Configuring "AED2" external module... Successful.
Successful.

Attempting to build model domain object/s:

Processing mesh geometry file/s:
Reading 2dm mesh file...
Trying to open file: ../Geo/Erie_v5_Substrates_LL.2dm ... OK. File unit: 101
Closing file unit: 101
Finished reading 2dm mesh file.

Processing mesh face connections...
Finished processing mesh face connections.

Reading 3D layer specification file...
Trying to open file: ../Geo/layers.csv ... OK. File unit: 101
Trying to open file: ../Geo/layers.csv ... OK. File unit: 102
Z, columns read from csvfile. 35 lines successfully read.
Closing file unit: 102
Finished reading 3D layer specification file.

Found 18383 nodes.
Found 21884 2D cells.
Found 2 nodestrings.
Mesh geometry file/s succesfully processed.

Constructing domain, comprising:
 21884 2D cells.
 303023 3D cells.
 562371 3D faces.
Constructing node object...OK
Constructing cell object...OK
Constructing face object...OK
Constructing gridmap object/s...
  Extracting grid definition from ../BCs/Met/Wind_ll_20131001_20151001.nc
Trying to open file: ../BCs/Met/Wind_ll_20131001_20151001.nc ...OK
Closing file: ../BCs/Met/Wind_ll_20131001_20151001.nc
    Constructing grid to mesh-cells map
WARNING: 97% of model cells are within grid coverage.
  Extracting grid definition from ../BCs/Met/Temperature_ll_20131001_20151001.nc
Trying to open file: ../BCs/Met/Temperature_ll_20131001_20151001.nc ...OK
Closing file: ../BCs/Met/Temperature_ll_20131001_20151001.nc
    Constructing grid to mesh-cells map
WARNING: 97% of model cells are within grid coverage.
  Extracting grid definition from ../BCs/Met/RelHum_ll_20131001_20151001.nc
Trying to open file: ../BCs/Met/RelHum_ll_20131001_20151001.nc ...OK
Closing file: ../BCs/Met/RelHum_ll_20131001_20151001.nc
    Constructing grid to mesh-cells map
  Extracting grid definition from ../BCs/Met/Radiation_ll_20130930_20150930.nc
Trying to open file: ../BCs/Met/Radiation_ll_20130930_20150930.nc ...OK
Closing file: ../BCs/Met/Radiation_ll_20130930_20150930.nc
    Constructing grid to mesh-cells map
WARNING: 97% of model cells are within grid coverage.
OK
Constructing external mode objects...OK

Successfully built model domain object/s.

Attempting to initialise atmospheric module:
WARNING: Cloud cover not defined by the user. Clear skies assumed for long wave radiation heat transfer model
Successfully initialised atmospheric module.

Attempting to initialise external turbulence model:
Initialising "GOTM" external turbulence module:
Succesfully initialised external turbulence model.

Attempting to initialise model structural configurations:
Constructing struct object...
Finished constructing struct object
Successfully initialised model structural configurations.

Attempting to initialise external wq model:
Initialising "AED2" external module:
Successful.
33 water quality variables to be simulated:
  NCS_ss1
  TRC_age
  OXY_oxy
  SIL_rsi
  NIT_amm
  NIT_nit
  PHS_frp
  PHS_frp_ads
  OGM_doc
  OGM_poc
  OGM_don
  OGM_pon
  OGM_dop
  OGM_pop
  PHY_CYANO
  PHY_CYANO_rho
  PHY_CYANO_IN
  PHY_CYANO_IP
  PHY_CHLOR
  PHY_CHLOR_IN
  PHY_CHLOR_IP
  PHY_CRYPT
  PHY_CRYPT_IN
  PHY_CRYPT_IP
  PHY_EDIAT
  PHY_EDIAT_IN
  PHY_EDIAT_IP
  PHY_LDIAT
  PHY_LDIAT_IN
  PHY_LDIAT_IP
  MAG_cgm
  MAG_cgm_IP
  BIV_filtfrac
Succesfully initialised external wq model.

Attempting to initialise model boundary conditions:
Constructing fvbc object...

BC 1, Type=W10_GRID
Update dt=   3600.000    s
BC grid label = WIND_GRID
BC grid id = 1
BC reference time = 01/01/1990 00:00:00
BC time units = HOURS
BC variable offset/s =  0.00E+00        0.00E+00
BC variable scale/s =  1.00E+00        1.00E+00
BC default value/s =       NaN             NaN
BC variable name/s =  TIME, W10_X, W10_Y,
BC file header/s =  TIME, U, V,
Trying to open file: ../BCs/Met/Wind_ll_20131001_20151001.nc ...OK
TIME,U,V, variables found in netcdf file. 17521 timesteps successfully read.
BC 1 is OK

BC 2, Type=AIR_TEMP_GRID
Update dt=   3600.000    s
BC grid label = TEMP_GRID
BC grid id = 2
BC reference time = 01/01/1990 00:00:00
BC time units = HOURS
BC variable offset/s =  0.00E+00
BC variable scale/s =  1.00E+00
BC default value/s =       NaN
BC variable name/s =  TIME, AIR_TEMP,
BC file header/s =  TIME, TEMP,
Trying to open file: ../BCs/Met/Temperature_ll_20131001_20151001.nc ...OK
TIME,TEMP, variables found in netcdf file. 17521 timesteps successfully read.
BC 2 is OK

BC 3, Type=REL_HUM_GRID
Update dt=   3600.000    s
BC grid label = RHUM_GRID
BC grid id = 3
BC reference time = 01/01/1990 00:00:00
BC time units = HOURS
BC variable offset/s =  0.00E+00
BC variable scale/s =  1.00E+00
BC default value/s =       NaN
BC variable name/s =  TIME, REL_HUM,
BC file header/s =  TIME, RHUM,
Trying to open file: ../BCs/Met/RelHum_ll_20131001_20151001.nc ...OK
TIME,RHUM, variables found in netcdf file. 17521 timesteps successfully read.
BC 3 is OK

BC 4, Type=SW_RAD_GRID
Update dt=   3600.000    s
BC grid label = RAD_GRID
BC grid id = 4
BC reference time = 01/01/1990 00:00:00
BC time units = HOURS
BC variable offset/s =  0.00E+00
BC variable scale/s =  1.00E+00
BC default value/s =       NaN
BC variable name/s =  TIME, SW_RAD,
BC file header/s =  TIME, DSWR,
Trying to open file: ../BCs/Met/Radiation_ll_20130930_20150930.nc ...OK
TIME,DSWR, variables found in netcdf file. 17521 timesteps successfully read.
BC 4 is OK

BC 5, Type=LW_RAD_GRID
Update dt=   3600.000    s
BC grid label = RAD_GRID
BC grid id = 4
BC reference time = 01/01/1990 00:00:00
BC time units = HOURS
BC variable offset/s =  0.00E+00
BC variable scale/s =  1.00E+00
BC default value/s =       NaN
BC variable name/s =  TIME, LW_RAD,
BC file header/s =  TIME, DLWR,
Trying to open file: ../BCs/Met/Radiation_ll_20130930_20150930.nc ...OK
TIME,DLWR, variables found in netcdf file. 17521 timesteps successfully read.
BC 5 is OK

BC 6, Type=Q
Subtype=1
BC Nodestring id = 1
BC variable name/s = TIME, Q, SAL, TEMP, TRACE_1, WQ_1, WQ_2, WQ_3, WQ_4, WQ_5, WQ_6, WQ_7, WQ_8, WQ_9, WQ_10, WQ_11, WQ_12, WQ_13, WQ_14, WQ_15, WQ_16, WQ_17, WQ_18, WQ_19, WQ_20, WQ_21, WQ_22, WQ_23, WQ_24, WQ_25, WQ_26
BC file header/s = TIME, FLOW, SAL, TEMP, TRACE_1, WQ_1, WQ_2, WQ_3, WQ_4, WQ_5, WQ_6, WQ_7, WQ_8, WQ_9, WQ_10, WQ_11, WQ_12, WQ_13, WQ_14, WQ_15, WQ_16, WQ_17, WQ_18, WQ_19, WQ_20, WQ_21, WQ_22, WQ_23, WQ_24, WQ_25, WQ
BC reference time = 01/01/2001 00:00:00
BC time units = HOURS
BC variable offset/s =  0.00E+00        0.00E+00        0.00E+00        0.00E+00        0.00E+00        0.00E+00        0.00E+00        0.00E+00        0.00E+00        0.00E+00        0.00E+00        0.00E+00        0.00E+00        0.00E+00        0.00E+00        0.00E+00        0.00E+00        0.00E+00        0.00E+00        0.00E+00        0.00E+00        0.00E+00        0.00E+00        0.00E+00        0.00E+00        0.00E+00        0.00E+00        0.00E+00        0.00E+00        0.00E+00        0.00E+00        0.00E+00        0.00E+00        0.00E+00        0.00E+00        0.00E+00        0.00E+00
BC variable scale/s = -1.00E+00        1.00E+00        1.00E+00        1.00E+00        1.00E+00        1.00E+00        1.00E+00        1.00E+00        1.00E+00        1.00E+00        1.00E+00        1.00E+00        1.00E+00        1.00E+00        1.00E+00        1.00E+00        1.00E+00        1.00E+00        1.00E+00        1.00E+00        1.00E+00        1.00E+00        1.00E+00        1.00E+00        1.00E+00        1.00E+00        1.00E+00        1.00E+00        1.00E+00        1.00E+00        1.00E+00        1.00E+00        1.00E+00        1.00E+00        1.00E+00        1.00E+00        1.00E+00
BC variable default/s =       NaN             NaN             NaN             NaN             NaN             NaN             NaN             NaN             NaN             NaN             NaN             NaN             NaN             NaN             NaN             NaN             NaN             NaN             NaN             NaN             NaN             NaN             NaN             NaN             NaN             NaN             NaN             NaN             NaN             NaN             NaN             NaN             NaN             NaN             NaN             NaN             NaN
Trying to open file: ../BCs/Inflows/2002-14_flwo_Nia_v02.csv ... OK. File unit: 102
WARNING: SAL column not found in csv file. Assigning a value of             NaN
WARNING: TEMP column not found in csv file. Assigning a value of             NaN
WARNING: TRACE_1 column not found in csv file. Assigning a value of             NaN
WARNING: WQ_1 column not found in csv file. Assigning a value of             NaN
WARNING: WQ_2 column not found in csv file. Assigning a value of             NaN
WARNING: WQ_3 column not found in csv file. Assigning a value of             NaN
WARNING: WQ_4 column not found in csv file. Assigning a value of             NaN
WARNING: WQ_5 column not found in csv file. Assigning a value of             NaN
WARNING: WQ_6 column not found in csv file. Assigning a value of             NaN
WARNING: WQ_7 column not found in csv file. Assigning a value of             NaN
WARNING: WQ_8 column not found in csv file. Assigning a value of             NaN
WARNING: WQ_9 column not found in csv file. Assigning a value of             NaN
WARNING: WQ_10 column not found in csv file. Assigning a value of             NaN
WARNING: WQ_11 column not found in csv file. Assigning a value of             NaN
WARNING: WQ_12 column not found in csv file. Assigning a value of             NaN
WARNING: WQ_13 column not found in csv file. Assigning a value of             NaN
WARNING: WQ_14 column not found in csv file. Assigning a value of             NaN
WARNING: WQ_15 column not found in csv file. Assigning a value of             NaN
WARNING: WQ_16 column not found in csv file. Assigning a value of             NaN
WARNING: WQ_17 column not found in csv file. Assigning a value of             NaN
WARNING: WQ_18 column not found in csv file. Assigning a value of             NaN
WARNING: WQ_19 column not found in csv file. Assigning a value of             NaN
WARNING: WQ_20 column not found in csv file. Assigning a value of             NaN
WARNING: WQ_21 column not found in csv file. Assigning a value of             NaN
WARNING: WQ_22 column not found in csv file. Assigning a value of             NaN
WARNING: WQ_23 column not found in csv file. Assigning a value of             NaN
WARNING: WQ_24 column not found in csv file. Assigning a value of             NaN
WARNING: WQ_25 column not found in csv file. Assigning a value of             NaN
WARNING: WQ_26 column not found in csv file. Assigning a value of             NaN
WARNING: WQ_27 column not found in csv file. Assigning a value of             NaN
WARNING: WQ_28 column not found in csv file. Assigning a value of             NaN
WARNING: WQ_29 column not found in csv file. Assigning a value of             NaN
WARNING: WQ_30 column not found in csv file. Assigning a value of             NaN
WARNING: WQ_31 column not found in csv file. Assigning a value of             NaN
WARNING: WQ_32 column not found in csv file. Assigning a value of             NaN
WARNING: WQ_33 column not found in csv file. Assigning a value of             NaN
TIME,FLOW, columns read from csvfile. 4748 lines successfully read.
Closing file unit: 102
BC 6 is OK

BC 7, Type=Q
Subtype=1
BC Nodestring id = 2
BC variable name/s = TIME, Q, SAL, TEMP, TRACE_1, WQ_1, WQ_2, WQ_3, WQ_4, WQ_5, WQ_6, WQ_7, WQ_8, WQ_9, WQ_10, WQ_11, WQ_12, WQ_13, WQ_14, WQ_15, WQ_16, WQ_17, WQ_18, WQ_19, WQ_20, WQ_21, WQ_22, WQ_23, WQ_24, WQ_25, WQ_26
BC file header/s = TIME, Q, SAL, TEMP, T1, SS1, AGE, OXY, SIL, AMM, NIT, FRP, FRP_ADS, DOC, POC, DON, PON, DOP, POP, CY, CYr, CYin, CYip, CH, CHin, CHip, CR, CRin, CRip, ED, EDin, EDip, LD, LDin, LDip, CGM, CGMip, BIVF
BC reference time = 01/01/2001 00:00:00
BC time units = HOURS
BC variable offset/s =  0.00E+00        0.00E+00        0.00E+00        0.00E+00        0.00E+00        0.00E+00        0.00E+00        0.00E+00        0.00E+00        0.00E+00        0.00E+00        0.00E+00        0.00E+00        0.00E+00        0.00E+00        0.00E+00        0.00E+00        0.00E+00        0.00E+00        0.00E+00        0.00E+00        0.00E+00        0.00E+00        0.00E+00        0.00E+00        0.00E+00        0.00E+00        0.00E+00        0.00E+00        0.00E+00        0.00E+00        0.00E+00        0.00E+00        0.00E+00        0.00E+00        0.00E+00        0.00E+00
BC variable scale/s =  1.00E+00        1.00E+00        1.00E+00        1.00E+00        1.00E+00        1.00E+00        1.00E+00        1.00E+00        1.00E+00        1.00E+00        1.00E+00        1.00E+00        1.00E+00        1.00E+00        1.00E+00        1.00E+00        1.00E+00        1.00E+00        1.00E+00        1.00E+00        1.00E+00        1.00E+00        1.00E+00        1.00E+00        1.00E+00        1.00E+00        1.00E+00        1.00E+00        1.00E+00        1.00E+00        1.00E+00        1.00E+00        1.00E+00        1.00E+00        1.00E+00        1.00E+00        1.00E+00
BC variable default/s =       NaN             NaN             NaN             NaN             NaN             NaN             NaN             NaN             NaN             NaN             NaN             NaN             NaN             NaN             NaN             NaN             NaN             NaN             NaN             NaN             NaN             NaN             NaN             NaN             NaN             NaN             NaN             NaN             NaN             NaN             NaN             NaN             NaN             NaN             NaN             NaN             NaN
Trying to open file: ../BCs/Inflows/2002-14_flwi_Det_v02.csv ... OK. File unit: 102
TIME,Q,SAL,TEMP,T1,SS1,AGE,OXY,SIL,AMM,NIT,FRP,FRP_ADS,DOC,POC,DON,PON,DOP,POP,CY,CYr,CYin,CYip,CH,CHin,CHip,CR,CRin,CRip,ED,EDin,EDip,LD,LDin,LDip,CGM,CGMip,BIVF, columns read from csvfile. 4748 lines successfully read.
Closing file unit: 102
BC 7 is OK

BC 8, Type=QC
Subtype=1
Cell id=2645
BC variable name/s = TIME, Q, SAL, TEMP, TRACE_1, WQ_1, WQ_2, WQ_3, WQ_4, WQ_5, WQ_6, WQ_7, WQ_8, WQ_9, WQ_10, WQ_11, WQ_12, WQ_13, WQ_14, WQ_15, WQ_16, WQ_17, WQ_18, WQ_19, WQ_20, WQ_21, WQ_22, WQ_23, WQ_24, WQ_25, WQ_26
BC file header/s = TIME, Q, SAL, TEMP, T1, SS1, AGE, OXY, SIL, AMM, NIT, FRP, FRP_ADS, DOC, POC, DON, PON, DOP, POP, CY, CYr, CYin, CYip, CH, CHin, CHip, CR, CRin, CRip, ED, EDin, EDip, LD, LDin, LDip, CGM, CGMip, BIVF
BC reference time = 01/01/2001 00:00:00
BC time units = HOURS
BC variable offset/s =  0.00E+00        0.00E+00        0.00E+00        0.00E+00        0.00E+00        0.00E+00        0.00E+00        0.00E+00        0.00E+00        0.00E+00        0.00E+00        0.00E+00        0.00E+00        0.00E+00        0.00E+00        0.00E+00        0.00E+00        0.00E+00        0.00E+00        0.00E+00        0.00E+00        0.00E+00        0.00E+00        0.00E+00        0.00E+00        0.00E+00        0.00E+00        0.00E+00        0.00E+00        0.00E+00        0.00E+00        0.00E+00        0.00E+00        0.00E+00        0.00E+00        0.00E+00        0.00E+00
BC variable scale/s =  1.00E+00        1.00E+00        1.00E+00        1.00E+00        1.00E+00        1.00E+00        1.00E+00        1.00E+00        1.00E+00        1.00E+00        1.00E+00        1.00E+00        1.00E+00        1.00E+00        1.00E+00        1.00E+00        1.00E+00        1.00E+00        1.00E+00        1.00E+00        1.00E+00        1.00E+00        1.00E+00        1.00E+00        1.00E+00        1.00E+00        1.00E+00        1.00E+00        1.00E+00        1.00E+00        1.00E+00        1.00E+00        1.00E+00        1.00E+00        1.00E+00        1.00E+00        1.00E+00
BC variable default/s =       NaN             NaN             NaN             NaN             NaN             NaN             NaN             NaN             NaN             NaN             NaN             NaN             NaN             NaN             NaN             NaN             NaN             NaN             NaN             NaN             NaN             NaN             NaN             NaN             NaN             NaN             NaN             NaN             NaN             NaN             NaN             NaN             NaN             NaN             NaN             NaN             NaN
Trying to open file: ../BCs/Inflows/2002-14_flwi_Gra_ON-WQ_v02.csv ... OK. File unit: 102
TIME,Q,SAL,TEMP,T1,SS1,AGE,OXY,SIL,AMM,NIT,FRP,FRP_ADS,DOC,POC,DON,PON,DOP,POP,CY,CYr,CYin,CYip,CH,CHin,CHip,CR,CRin,CRip,ED,EDin,EDip,LD,LDin,LDip,CGM,CGMip,BIVF, columns read from csvfile. 4748 lines successfully read.
Closing file unit: 102
BC 8 is OK

BC 9, Type=QC
Subtype=1
Cell id=21619
BC variable name/s = TIME, Q, SAL, TEMP, TRACE_1, WQ_1, WQ_2, WQ_3, WQ_4, WQ_5, WQ_6, WQ_7, WQ_8, WQ_9, WQ_10, WQ_11, WQ_12, WQ_13, WQ_14, WQ_15, WQ_16, WQ_17, WQ_18, WQ_19, WQ_20, WQ_21, WQ_22, WQ_23, WQ_24, WQ_25, WQ_26
BC file header/s = TIME, Q, SAL, TEMP, T1, SS1, AGE, OXY, SIL, AMM, NIT, FRP, FRP_ADS, DOC, POC, DON, PON, DOP, POP, CY, CYr, CYin, CYip, CH, CHin, CHip, CR, CRin, CRip, ED, EDin, EDip, LD, LDin, LDip, CGM, CGMip, BIVF
BC reference time = 01/01/2001 00:00:00
BC time units = HOURS
BC variable offset/s =  0.00E+00        0.00E+00        0.00E+00        0.00E+00        0.00E+00        0.00E+00        0.00E+00        0.00E+00        0.00E+00        0.00E+00        0.00E+00        0.00E+00        0.00E+00        0.00E+00        0.00E+00        0.00E+00        0.00E+00        0.00E+00        0.00E+00        0.00E+00        0.00E+00        0.00E+00        0.00E+00        0.00E+00        0.00E+00        0.00E+00        0.00E+00        0.00E+00        0.00E+00        0.00E+00        0.00E+00        0.00E+00        0.00E+00        0.00E+00        0.00E+00        0.00E+00        0.00E+00
BC variable scale/s =  1.00E+00        1.00E+00        1.00E+00        1.00E+00        1.00E+00        1.00E+00        1.00E+00        1.00E+00        1.00E+00        1.00E+00        1.00E+00        1.00E+00        1.00E+00        1.00E+00        1.00E+00        1.00E+00        1.00E+00        1.00E+00        1.00E+00        1.00E+00        1.00E+00        1.00E+00        1.00E+00        1.00E+00        1.00E+00        1.00E+00        1.00E+00        1.00E+00        1.00E+00        1.00E+00        1.00E+00        1.00E+00        1.00E+00        1.00E+00        1.00E+00        1.00E+00        1.00E+00
BC variable default/s =       NaN             NaN             NaN             NaN             NaN             NaN             NaN             NaN             NaN             NaN             NaN             NaN             NaN             NaN             NaN             NaN             NaN             NaN             NaN             NaN             NaN             NaN             NaN             NaN             NaN             NaN             NaN             NaN             NaN             NaN             NaN             NaN             NaN             NaN             NaN             NaN             NaN
Trying to open file: ../BCs/Inflows/2002-14_flwi_Mau-WQ_v02.csv ... OK. File unit: 102
TIME,Q,SAL,TEMP,T1,SS1,AGE,OXY,SIL,AMM,NIT,FRP,FRP_ADS,DOC,POC,DON,PON,DOP,POP,CY,CYr,CYin,CYip,CH,CHin,CHip,CR,CRin,CRip,ED,EDin,EDip,LD,LDin,LDip,CGM,CGMip,BIVF, columns read from csvfile. 6937 lines successfully read.
Closing file unit: 102
BC 9 is OK

BC 10, Type=QC
Subtype=1
Cell id=18864
BC variable name/s = TIME, Q, SAL, TEMP, TRACE_1, WQ_1, WQ_2, WQ_3, WQ_4, WQ_5, WQ_6, WQ_7, WQ_8, WQ_9, WQ_10, WQ_11, WQ_12, WQ_13, WQ_14, WQ_15, WQ_16, WQ_17, WQ_18, WQ_19, WQ_20, WQ_21, WQ_22, WQ_23, WQ_24, WQ_25, WQ_26
BC file header/s = TIME, Q, SAL, TEMP, T1, SS1, AGE, OXY, SIL, AMM, NIT, FRP, FRP_ADS, DOC, POC, DON, PON, DOP, POP, CY, CYr, CYin, CYip, CH, CHin, CHip, CR, CRin, CRip, ED, EDin, EDip, LD, LDin, LDip, CGM, CGMip, BIVF
BC reference time = 01/01/2001 00:00:00
BC time units = HOURS
BC variable offset/s =  0.00E+00        0.00E+00        0.00E+00        0.00E+00        0.00E+00        0.00E+00        0.00E+00        0.00E+00        0.00E+00        0.00E+00        0.00E+00        0.00E+00        0.00E+00        0.00E+00        0.00E+00        0.00E+00        0.00E+00        0.00E+00        0.00E+00        0.00E+00        0.00E+00        0.00E+00        0.00E+00        0.00E+00        0.00E+00        0.00E+00        0.00E+00        0.00E+00        0.00E+00        0.00E+00        0.00E+00        0.00E+00        0.00E+00        0.00E+00        0.00E+00        0.00E+00        0.00E+00
BC variable scale/s =  1.00E+00        1.00E+00        1.00E+00        1.00E+00        1.00E+00        1.00E+00        1.00E+00        1.00E+00        1.00E+00        1.00E+00        1.00E+00        1.00E+00        1.00E+00        1.00E+00        1.00E+00        1.00E+00        1.00E+00        1.00E+00        1.00E+00        1.00E+00        1.00E+00        1.00E+00        1.00E+00        1.00E+00        1.00E+00        1.00E+00        1.00E+00        1.00E+00        1.00E+00        1.00E+00        1.00E+00        1.00E+00        1.00E+00        1.00E+00        1.00E+00        1.00E+00        1.00E+00
BC variable default/s =       NaN             NaN             NaN             NaN             NaN             NaN             NaN             NaN             NaN             NaN             NaN             NaN             NaN             NaN             NaN             NaN             NaN             NaN             NaN             NaN             NaN             NaN             NaN             NaN             NaN             NaN             NaN             NaN             NaN             NaN             NaN             NaN             NaN             NaN             NaN             NaN             NaN
Trying to open file: ../BCs/Inflows/2002-14_flwi_Snd-WQ_v02.csv ... OK. File unit: 102
TIME,Q,SAL,TEMP,T1,SS1,AGE,OXY,SIL,AMM,NIT,FRP,FRP_ADS,DOC,POC,DON,PON,DOP,POP,CY,CYr,CYin,CYip,CH,CHin,CHip,CR,CRin,CRip,ED,EDin,EDip,LD,LDin,LDip,CGM,CGMip,BIVF, columns read from csvfile. 7417 lines successfully read.
Closing file unit: 102
BC 10 is OK

BC 11, Type=QC
Subtype=1
Cell id=14128
BC variable name/s = TIME, Q, SAL, TEMP, TRACE_1, WQ_1, WQ_2, WQ_3, WQ_4, WQ_5, WQ_6, WQ_7, WQ_8, WQ_9, WQ_10, WQ_11, WQ_12, WQ_13, WQ_14, WQ_15, WQ_16, WQ_17, WQ_18, WQ_19, WQ_20, WQ_21, WQ_22, WQ_23, WQ_24, WQ_25, WQ_26
BC file header/s = TIME, Q, SAL, TEMP, T1, SS1, AGE, OXY, SIL, AMM, NIT, FRP, FRP_ADS, DOC, POC, DON, PON, DOP, POP, CY, CYr, CYin, CYip, CH, CHin, CHip, CR, CRin, CRip, ED, EDin, EDip, LD, LDin, LDip, CGM, CGMip, BIVF
BC reference time = 01/01/2001 00:00:00
BC time units = HOURS
BC variable offset/s =  0.00E+00        0.00E+00        0.00E+00        0.00E+00        0.00E+00        0.00E+00        0.00E+00        0.00E+00        0.00E+00        0.00E+00        0.00E+00        0.00E+00        0.00E+00        0.00E+00        0.00E+00        0.00E+00        0.00E+00        0.00E+00        0.00E+00        0.00E+00        0.00E+00        0.00E+00        0.00E+00        0.00E+00        0.00E+00        0.00E+00        0.00E+00        0.00E+00        0.00E+00        0.00E+00        0.00E+00        0.00E+00        0.00E+00        0.00E+00        0.00E+00        0.00E+00        0.00E+00
BC variable scale/s =  1.00E+00        1.00E+00        1.00E+00        1.00E+00        1.00E+00        1.00E+00        1.00E+00        1.00E+00        1.00E+00        1.00E+00        1.00E+00        1.00E+00        1.00E+00        1.00E+00        1.00E+00        1.00E+00        1.00E+00        1.00E+00        1.00E+00        1.00E+00        1.00E+00        1.00E+00        1.00E+00        1.00E+00        1.00E+00        1.00E+00        1.00E+00        1.00E+00        1.00E+00        1.00E+00        1.00E+00        1.00E+00        1.00E+00        1.00E+00        1.00E+00        1.00E+00        1.00E+00
BC variable default/s =       NaN             NaN             NaN             NaN             NaN             NaN             NaN             NaN             NaN             NaN             NaN             NaN             NaN             NaN             NaN             NaN             NaN             NaN             NaN             NaN             NaN             NaN             NaN             NaN             NaN             NaN             NaN             NaN             NaN             NaN             NaN             NaN             NaN             NaN             NaN             NaN             NaN
Trying to open file: ../BCs/Inflows/2002-14_flwi_Cuy-WQ_v02.csv ... OK. File unit: 102
TIME,Q,SAL,TEMP,T1,SS1,AGE,OXY,SIL,AMM,NIT,FRP,FRP_ADS,DOC,POC,DON,PON,DOP,POP,CY,CYr,CYin,CYip,CH,CHin,CHip,CR,CRin,CRip,ED,EDin,EDip,LD,LDin,LDip,CGM,CGMip,BIVF, columns read from csvfile. 6845 lines successfully read.
Closing file unit: 102
BC 11 is OK

Finished constructing fvbc object.

Initialising ghost cell boundary conditions...
Finished initialising ghost cell boundary conditions.

Initialising face object boundary conditions...
Finished initialising face object boundary conditions.

Successfully initialised model boundary conditions.

Attempting to generate model initial conditions:
Trying to open file: ../BCs/IC/IC_AED2_20130413.csv ... OK. File unit: 102
ID,WL,U,V,SAL,TEMP,TRACE_1,WQ_1,WQ_2,WQ_3,WQ_4,WQ_5,WQ_6,WQ_7,WQ_8,WQ_9,WQ_10,WQ_11,WQ_12,WQ_13,WQ_14,WQ_15,WQ_16,WQ_17,WQ_18,WQ_19,WQ_20,WQ_21,WQ_22,WQ_23,WQ_24,WQ_25,WQ_26,WQ_27,WQ_28,WQ_29,WQ_30,WQ columns read from csvfile. 21884 lines successfully read.
Closing file unit: 102
Successfully generated model initial conditions.

Attempting to initialise model output:

Allocating output object memory:
Trying to open file: ../Geo/output_points_epa.csv ... OK. File unit: 102
WARNING: VERT_MIN column not found in csv file. Assigning a value of             NaN
WARNING: VERT_MAX column not found in csv file. Assigning a value of             NaN
X,Y, columns read from csvfile. 20 lines successfully read.
Closing file unit: 102
Trying to open file: ../Geo/output_points_epa.csv ... OK. File unit: 102
ID column found, attempting to read point IDs
Trying to open file: ../Geo/output_points_epa.csv ... OK. File unit: 103
ID, columns read from csvfile. 20 lines successfully read.
Closing file unit: 103
Depth-Averaging for ID_1                           :    0.000000     to    5.000000
Depth-Averaging for ID_2                           :    0.000000     to    5.000000
Depth-Averaging for ID_3                           :    0.000000     to    5.000000
Depth-Averaging for ID_4                           :    0.000000     to    5.000000
Depth-Averaging for ID_5                           :    0.000000     to    5.000000
Depth-Averaging for ID_6                           :    0.000000     to    5.000000
Depth-Averaging for ID_7                           :    0.000000     to    5.000000
Depth-Averaging for ID_8                           :    0.000000     to    5.000000
Depth-Averaging for ID_9                           :    0.000000     to    5.000000
Depth-Averaging for ID_10                          :    0.000000     to    5.000000
Depth-Averaging for ID_11                          :    0.000000     to    5.000000
Depth-Averaging for ID_12                          :    0.000000     to    5.000000
Depth-Averaging for ID_13                          :    0.000000     to    5.000000
Depth-Averaging for ID_14                          :    0.000000     to    5.000000
Depth-Averaging for ID_15                          :    0.000000     to    5.000000
Depth-Averaging for ID_16                          :    0.000000     to    5.000000
Depth-Averaging for ID_17                          :    0.000000     to    5.000000
Depth-Averaging for ID_18                          :    0.000000     to    5.000000
Depth-Averaging for ID_19                          :    0.000000     to    5.000000
Depth-Averaging for ID_20                          :    0.000000     to    5.000000
Trying to open file: ../Geo/output_points_epa.csv ... OK. File unit: 103
WARNING: VERT_MIN column not found in csv file. Assigning a value of             NaN
WARNING: VERT_MAX column not found in csv file. Assigning a value of             NaN
X,Y, columns read from csvfile. 20 lines successfully read.
Closing file unit: 103
Trying to open file: ../Geo/output_points_epa.csv ... OK. File unit: 103
ID column found, attempting to read point IDs
Trying to open file: ../Geo/output_points_epa.csv ... OK. File unit: 104
ID, columns read from csvfile. 20 lines successfully read.
Closing file unit: 104
Depth-Averaging for ID_1                           :    0.000000     to    5.000000
Depth-Averaging for ID_2                           :    0.000000     to    5.000000
Depth-Averaging for ID_3                           :    0.000000     to    5.000000
Depth-Averaging for ID_4                           :    0.000000     to    5.000000
Depth-Averaging for ID_5                           :    0.000000     to    5.000000
Depth-Averaging for ID_6                           :    0.000000     to    5.000000
Depth-Averaging for ID_7                           :    0.000000     to    5.000000
Depth-Averaging for ID_8                           :    0.000000     to    5.000000
Depth-Averaging for ID_9                           :    0.000000     to    5.000000
Depth-Averaging for ID_10                          :    0.000000     to    5.000000
Depth-Averaging for ID_11                          :    0.000000     to    5.000000
Depth-Averaging for ID_12                          :    0.000000     to    5.000000
Depth-Averaging for ID_13                          :    0.000000     to    5.000000
Depth-Averaging for ID_14                          :    0.000000     to    5.000000
Depth-Averaging for ID_15                          :    0.000000     to    5.000000
Depth-Averaging for ID_16                          :    0.000000     to    5.000000
Depth-Averaging for ID_17                          :    0.000000     to    5.000000
Depth-Averaging for ID_18                          :    0.000000     to    5.000000
Depth-Averaging for ID_19                          :    0.000000     to    5.000000
Depth-Averaging for ID_20                          :    0.000000     to    5.000000
Trying to open file: ../Geo/output_points_epa.csv ... OK. File unit: 104
WARNING: VERT_MIN column not found in csv file. Assigning a value of             NaN
WARNING: VERT_MAX column not found in csv file. Assigning a value of             NaN
X,Y, columns read from csvfile. 20 lines successfully read.
Closing file unit: 104
Trying to open file: ../Geo/output_points_epa.csv ... OK. File unit: 104
ID column found, attempting to read point IDs
Trying to open file: ../Geo/output_points_epa.csv ... OK. File unit: 105
ID, columns read from csvfile. 20 lines successfully read.
Closing file unit: 105
Depth-Averaging for ID_1                           :    0.000000     to    5.000000
Depth-Averaging for ID_2                           :    0.000000     to    5.000000
Depth-Averaging for ID_3                           :    0.000000     to    5.000000
Depth-Averaging for ID_4                           :    0.000000     to    5.000000
Depth-Averaging for ID_5                           :    0.000000     to    5.000000
Depth-Averaging for ID_6                           :    0.000000     to    5.000000
Depth-Averaging for ID_7                           :    0.000000     to    5.000000
Depth-Averaging for ID_8                           :    0.000000     to    5.000000
Depth-Averaging for ID_9                           :    0.000000     to    5.000000
Depth-Averaging for ID_10                          :    0.000000     to    5.000000
Depth-Averaging for ID_11                          :    0.000000     to    5.000000
Depth-Averaging for ID_12                          :    0.000000     to    5.000000
Depth-Averaging for ID_13                          :    0.000000     to    5.000000
Depth-Averaging for ID_14                          :    0.000000     to    5.000000
Depth-Averaging for ID_15                          :    0.000000     to    5.000000
Depth-Averaging for ID_16                          :    0.000000     to    5.000000
Depth-Averaging for ID_17                          :    0.000000     to    5.000000
Depth-Averaging for ID_18                          :    0.000000     to    5.000000
Depth-Averaging for ID_19                          :    0.000000     to    5.000000
Depth-Averaging for ID_20                          :    0.000000     to    5.000000
Trying to open file: ../Geo/output_points_epa.csv ... OK. File unit: 105
WARNING: VERT_MIN column not found in csv file. Assigning a value of             NaN
WARNING: VERT_MAX column not found in csv file. Assigning a value of             NaN
X,Y, columns read from csvfile. 20 lines successfully read.
Closing file unit: 105
Trying to open file: ../Geo/output_points_epa.csv ... OK. File unit: 105
ID column found, attempting to read point IDs
Trying to open file: ../Geo/output_points_epa.csv ... OK. File unit: 106
ID, columns read from csvfile. 20 lines successfully read.
Closing file unit: 106
Depth-Averaging for ID_1                           :   1.0000000     to   1.0000000
Depth-Averaging for ID_2                           :   1.0000000     to   1.0000000
Depth-Averaging for ID_3                           :   1.0000000     to   1.0000000
Depth-Averaging for ID_4                           :   1.0000000     to   1.0000000
Depth-Averaging for ID_5                           :   1.0000000     to   1.0000000
Depth-Averaging for ID_6                           :   1.0000000     to   1.0000000
Depth-Averaging for ID_7                           :   1.0000000     to   1.0000000
Depth-Averaging for ID_8                           :   1.0000000     to   1.0000000
Depth-Averaging for ID_9                           :   1.0000000     to   1.0000000
Depth-Averaging for ID_10                          :   1.0000000     to   1.0000000
Depth-Averaging for ID_11                          :   1.0000000     to   1.0000000
Depth-Averaging for ID_12                          :   1.0000000     to   1.0000000
Depth-Averaging for ID_13                          :   1.0000000     to   1.0000000
Depth-Averaging for ID_14                          :   1.0000000     to   1.0000000
Depth-Averaging for ID_15                          :   1.0000000     to   1.0000000
Depth-Averaging for ID_16                          :   1.0000000     to   1.0000000
Depth-Averaging for ID_17                          :   1.0000000     to   1.0000000
Depth-Averaging for ID_18                          :   1.0000000     to   1.0000000
Depth-Averaging for ID_19                          :   1.0000000     to   1.0000000
Depth-Averaging for ID_20                          :   1.0000000     to   1.0000000
Memory allocation OK.

Processing output requests:
Processing request 1 is...
OK.
Processing request 2 is...
OK.
Processing request 3 is...
OK.
Processing request 4 is...
OK.
Processing request 5 is...
Output point 1 is inside cell 2433.
Output point 2 is inside cell 2452.
Output point 3 is inside cell 3103.
Output point 4 is inside cell 3099.
Output point 5 is inside cell 8009.
Output point 6 is inside cell 7772.
Output point 7 is inside cell 7658.
Output point 8 is inside cell 9553.
Output point 9 is inside cell 9841.
Output point 10 is inside cell 10125.
Output point 11 is inside cell 12002.
Output point 12 is inside cell 11980.
Output point 13 is inside cell 10816.
Output point 14 is inside cell 8404.
Output point 15 is inside cell 15034.
Output point 16 is inside cell 19934.
Output point 17 is inside cell 19992.
Output point 18 is inside cell 19423.
Output point 19 is inside cell 18902.
Output point 20 is inside cell 16857.
OK.
Processing request 6 is...
Output point 1 is inside cell 2433.
Output point 2 is inside cell 2452.
Output point 3 is inside cell 3103.
Output point 4 is inside cell 3099.
Output point 5 is inside cell 8009.
Output point 6 is inside cell 7772.
Output point 7 is inside cell 7658.
Output point 8 is inside cell 9553.
Output point 9 is inside cell 9841.
Output point 10 is inside cell 10125.
Output point 11 is inside cell 12002.
Output point 12 is inside cell 11980.
Output point 13 is inside cell 10816.
Output point 14 is inside cell 8404.
Output point 15 is inside cell 15034.
Output point 16 is inside cell 19934.
Output point 17 is inside cell 19992.
Output point 18 is inside cell 19423.
Output point 19 is inside cell 18902.
Output point 20 is inside cell 16857.
OK.
Processing request 7 is...
Output point 1 is inside cell 2433.
Output point 2 is inside cell 2452.
Output point 3 is inside cell 3103.
Output point 4 is inside cell 3099.
Output point 5 is inside cell 8009.
Output point 6 is inside cell 7772.
Output point 7 is inside cell 7658.
Output point 8 is inside cell 9553.
Output point 9 is inside cell 9841.
Output point 10 is inside cell 10125.
Output point 11 is inside cell 12002.
Output point 12 is inside cell 11980.
Output point 13 is inside cell 10816.
Output point 14 is inside cell 8404.
Output point 15 is inside cell 15034.
Output point 16 is inside cell 19934.
Output point 17 is inside cell 19992.
Output point 18 is inside cell 19423.
Output point 19 is inside cell 18902.
Output point 20 is inside cell 16857.
OK.
Processing request 8 is...
Output point 1 is inside cell 2433.
Output point 2 is inside cell 2452.
Output point 3 is inside cell 3103.
Output point 4 is inside cell 3099.
Output point 5 is inside cell 8009.
Output point 6 is inside cell 7772.
Output point 7 is inside cell 7658.
Output point 8 is inside cell 9553.
Output point 9 is inside cell 9841.
Output point 10 is inside cell 10125.
Output point 11 is inside cell 12002.
Output point 12 is inside cell 11980.
Output point 13 is inside cell 10816.
Output point 14 is inside cell 8404.
Output point 15 is inside cell 15034.
Output point 16 is inside cell 19934.
Output point 17 is inside cell 19992.
Output point 18 is inside cell 19423.
Output point 19 is inside cell 18902.
Output point 20 is inside cell 16857.
OK.

Opening output files...
Trying to open file: ../Output/erie_TFV.nc ...OK
Trying to open file: ../Output/erie_AED.nc ...OK
Trying to open file: ../Output/erie_AED_diag.nc ...OK
Trying to open file: ../Output/erie_FLUX.csv ... OK. File unit: 106
Trying to open file: ../Output/erie_POINTS_depth_surf_temp.csv ... OK. File unit: 107
Trying to open file: ../Output/erie_POINTS_depth_surf_TOT_TN.csv ... OK. File unit: 108
Trying to open file: ../Output/erie_POINTS_depth_surf_PHY_EDIAT_fPho.csv ... OK. File unit: 109
Trying to open file: ../Output/erie_POINTS_bot_tbiv.csv ... OK. File unit: 110

Successfully initialised model output.

Running simulation
Number of OpenMP threads=16
Thread stacksize=4194304

Entering timestep loop
t = 01/04/2013 00:00:00.  dt =   0.000 /  0.000 s.  elapsed time =       0.0 s.
    Writing NETCDF output. t = 01/04/2013 00:00:00.
    Writing NETCDF output. t = 01/04/2013 00:00:00.
    Writing NETCDF output. t = 01/04/2013 00:00:00.
    Writing nodestring flux output. t = 01/04/2013 00:00:00.
    Writing point timeseries output. t = 01/04/2013 00:00:00.
    Writing point timeseries output. t = 01/04/2013 00:00:00.
    Writing point timeseries output. t = 01/04/2013 00:00:00.
    Writing point timeseries output. t = 01/04/2013 00:00:00.
t = 01/04/2013 00:15:00.  dt =  10.000 / 10.000 s.  elapsed time =      35.8 s.
    Calling AED2. t = 01/04/2013 00:15:00.
    Returning from AED2.
