
***************************** TUFLOWFV *****************************

Build version: 2020.03.087_dev
Build date: 25/05/2021 16:30
Build platform: Windows
Build architecture:  x86-64
Compiler version: Ifort 19.0.3
Build precision: single
NVidia GPU enabled: Cuda v11.0.167
GIS Module Version: 2020-07-PD

********************************************************************

Computer name: DEP58182
User name: 00065525
Execution timestamp: 06/07/2021 06:11:37


Initialising TUFLOW Licence Settings...

No TUFLOW licence Settings files found.  Default settings applied.
WIBU Retry Time == 60  ! Seconds.  Values less than 1 are set to 1.  Default = 60.
WIBU Retry Count == 0  ! Number of times to retry for a licence at start of simulation.  Use -1 for indefinitely.  Default = 0.
WIBU Dongles Only == OFF  ! If set to ON, searches for WIBU dongles only.  Default is OFF.

Attempting to process input control file:
Trying to open file: erie.fvc ... OK. File unit: 101
TIME FORMAT == ISO DATE & TIME
REFERENCE TIME == 01/01/2001 00:00:00
Start echoing input file:
SPHERICAL == .FALSE.
INCLUDE SALINITY == .TRUE.
COUPLE SALINITY DENSITY == .TRUE.
INCLUDE TEMPERATURE == .TRUE.
COUPLE TEMPERATURE DENSITY == .TRUE.
INCLUDE SEDIMENT == .FALSE.
INCLUDE HEAT == .TRUE.
INCLUDE ICE == .TRUE.
LONG WAVE RADIATION MODEL == 3
SW RADIATION ALBEDO (MEAN AT EQUATOR) ==   0.8000000E-01
LONG WAVE RADIATION ALBEDO ==   0.3000000E-01
MOMENTUM MIXING MODEL == SMAGORINSKY
SCALAR MIXING MODEL == SMAGORINSKY
VERTICAL MIXING MODEL == EXTERNAL
EXTERNAL TURBULENCE MODEL DIR == ..\External\GOTM\
WATER QUALITY MODEL == EXTERNAL
WATER QUALITY MODEL DIR == ..\External\AED\
SPATIAL ORDER == 1, 2
VERTICALGRADIENTLIMITER == MC
BOTTOM DRAG MODEL == KS
EQUATION OF STATE == UNESCO
START TIME == 07/05/2013 00:00:00
END TIME == 30/09/2013 06:00:00
CFL EXTERNAL ==   0.9000000
CFL INTERNAL ==   0.9000000
TIMESTEP LIMITS ==   0.1000000    ,    10.00000
TURBULENCE UPDATE DT ==    600.0000
DISPLAY DT ==    900.0000
WQ UPDATE DT ==    1800.000     (WILL BE OVERWITTEN IF WQ DT IS SPECIFIED IN WQ CONTROL FILE)
STABILITY LIMITS ==    15.00000    ,    15.00000
WARNING: Wet depth is less than dry depth. Momentum will never be switched off
CELL DRY/WET DEPTHS ==   0.1000000    ,   0.1000000
G ==    9.810000
LATITUDE ==    42.12221
REFERENCE SALINITY ==    35.00000
REFERENCE TEMPERATURE ==    18.00000
REFERENCE DENSITY ==    1000.000
DENSITY AIR ==    1.180000
GLOBAL BOTTOM ROUGHNESS ==   0.2000000E-02
GLOBAL HORIZONTAL EDDY VISCOSITY (SMAG COEFF) ==   0.2000000
GLOBAL HORIZONTAL SCALAR DIFFUSIVITY (SMAG COEFF) ==   0.2000000
DIFFUSIVITY LIMITER DT ==    30.00000
KINEMATIC VISCOSITY ==   0.1000000E-05
GLOBAL VERTICAL EDDY VISCOSITY LIMITS ==   0.1000000E-03,    9999.000
GLOBAL VERTICAL SCALAR DIFFUSIVITY LIMITS ==   0.1000000E-05,    9999.000
GEOMETRY2D == ..\Geo\Erie_v5_Substrates_NS.2dm
VERTICAL MESH TYPE == Z
LAYER FACE FILE == ..\Geo\layers.csv
SURFACE SIGMA LAYERS == 2
MINIMUM LAYER THICKNESS ==   0.1000000
CELL 3D DEPTH ==   0.5000000
MATERIAL == 1
  BOTTOM ROUGHNESS ==   0.5000000E-02
END MATERIAL
MATERIAL == 2
  BOTTOM ROUGHNESS ==   0.5000000E-02
END MATERIAL
MATERIAL == 3
  BOTTOM ROUGHNESS ==   0.5000000E-02
END MATERIAL
MATERIAL == 4
  BOTTOM ROUGHNESS ==   0.5000000E-02
END MATERIAL
MATERIAL == 5
  BOTTOM ROUGHNESS ==   0.5000000E-02
END MATERIAL
MATERIAL == 6
  BOTTOM ROUGHNESS ==   0.5000000E-02
END MATERIAL
MATERIAL == 7
  BOTTOM ROUGHNESS ==   0.5000000E-02
END MATERIAL
MATERIAL == 8
  BOTTOM ROUGHNESS ==   0.5000000E-02
END MATERIAL
MATERIAL == 9
  BOTTOM ROUGHNESS ==   0.5000000E-02
END MATERIAL
MATERIAL == 10
  BOTTOM ROUGHNESS ==   0.5000000E-02
END MATERIAL
MATERIAL == 11
  BOTTOM ROUGHNESS ==   0.5000000E-02
END MATERIAL
NTRACER == 1
INITIAL CONDITION 2D == ..\BCs\IC\IC-AED2-2013-Feb11NN.csv
GRID DEFINITION FILE == ..\BCs\Met\Wind_utm_20130507_20151001.nc
GRID DEFINITION VARIABLES ==  X, Y
GRID DEFINITION LABEL == WIND_GRID
END GRID
BC == W10_GRID, WIND_GRID, ..\BCs\Met\Wind_utm_20130507_20151001.nc
  BC HEADER ==  time, u, v
BC REFERENCE TIME == 01/01/1990 00:00:00
  BC TIME UNITS == HOURS
  UPDATE DT ==    3600.000
  BC SCALE ==    1.125000,   1.125000
END BC
GRID DEFINITION FILE == ..\BCs\Met\Temperature_utm_20130507_20151001.nc
GRID DEFINITION VARIABLES ==  X, Y
GRID DEFINITION LABEL == TEMP_GRID
END GRID
BC == AIR_TEMP_GRID, TEMP_GRID, ..\BCs\Met\Temperature_utm_20130507_20151001.nc
  BC HEADER ==  time, temp
BC REFERENCE TIME == 01/01/1990 00:00:00
  BC TIME UNITS == HOURS
  UPDATE DT ==    3600.000
END BC
GRID DEFINITION FILE == ..\BCs\Met\RelHum_utm_20130507_20151001.nc
GRID DEFINITION VARIABLES ==  X, Y
GRID DEFINITION LABEL == RHUM_GRID
END GRID
BC == REL_HUM_GRID, RHUM_GRID, ..\BCs\Met\RelHum_utm_20130507_20151001.nc
  BC HEADER ==  time, rhum
BC REFERENCE TIME == 01/01/1990 00:00:00
  BC TIME UNITS == HOURS
  UPDATE DT ==    3600.000
END BC
GRID DEFINITION FILE == ..\BCs\Met\Radiation_utm_20130507_20150930.nc
GRID DEFINITION VARIABLES ==  X, Y
GRID DEFINITION LABEL == RAD_GRID
END GRID
BC == SW_RAD_GRID, RAD_GRID, ..\BCs\Met\Radiation_utm_20130507_20150930.nc
  BC HEADER ==  time, dswr
BC REFERENCE TIME == 01/01/1990 00:00:00
  BC TIME UNITS == HOURS
  UPDATE DT ==    3600.000
END BC
BC == LW_RAD_GRID, RAD_GRID, ..\BCs\Met\Radiation_utm_20130507_20150930.nc
  BC HEADER ==  time, dlwr
BC REFERENCE TIME == 01/01/1990 00:00:00
  BC TIME UNITS == HOURS
  UPDATE DT ==    3600.000
END BC
BC == Q, 1, ..\BCs\Inflows\2002-14_flwo_Nia_v02.csv
  BC HEADER ==  TIME, FLOW
  BC SCALE ==   -1.000000
END BC
BC == Q, 2, ..\BCs\Inflows\2002-14_flwi_Det_v02.csv
  BC HEADER ==  TIME, Q, SAL, TEMP, T1, SS1, AGE, OXY, SIL, AMM, NIT, FRP, FRP_ADS, DOC, POC, DON, PON, DOP, POP, CY, CYr, CYin, CYip, CH, CHin, CHip, CR, CRin, CRip, ED, EDin, EDip, LD, LDin, LDip, CGM, CGMip
END BC
BC == QC,    616680.0    ,    4744330.    , ..\BCs\Inflows\2002-14_flwi_Gra_ON-WQ_v02.csv
  BC HEADER ==  TIME, Q, SAL, TEMP, T1, SS1, AGE, OXY, SIL, AMM, NIT, FRP, FRP_ADS, DOC, POC, DON, PON, DOP, POP, CY, CYr, CYin, CYip, CH, CHin, CHip, CR, CRin, CRip, ED, EDin, EDip, LD, LDin, LDip, CGM, CGMip
END BC
BC == QC,    304206.7    ,    4618818.    , ..\BCs\Inflows\2002-14_flwi_Mau-WQ_v02.csv
  BC HEADER ==  TIME, Q, SAL, TEMP, T1, SS1, AGE, OXY, SIL, AMM, NIT, FRP, FRP_ADS, DOC, POC, DON, PON, DOP, POP, CY, CYr, CYin, CYip, CH, CHin, CHip, CR, CRin, CRip, ED, EDin, EDip, LD, LDin, LDip, CGM, CGMip
END BC
BC == QC,    362406.7    ,    4590618.    , ..\BCs\Inflows\2002-14_flwi_Snd-WQ_v02.csv
  BC HEADER ==  TIME, Q, SAL, TEMP, T1, SS1, AGE, OXY, SIL, AMM, NIT, FRP, FRP_ADS, DOC, POC, DON, PON, DOP, POP, CY, CYr, CYin, CYip, CH, CHin, CHip, CR, CRin, CRip, ED, EDin, EDip, LD, LDin, LDip, CGM, CGMip
END BC
BC == QC,    438120.0    ,    4594766.    , ..\BCs\Inflows\2002-14_flwi_Cuy-WQ_v02.csv
  BC HEADER ==  TIME, Q, SAL, TEMP, T1, SS1, AGE, OXY, SIL, AMM, NIT, FRP, FRP_ADS, DOC, POC, DON, PON, DOP, POP, CY, CYr, CYin, CYip, CH, CHin, CHip, CR, CRin, CRip, ED, EDin, EDip, LD, LDin, LDip, CGM, CGMip
END BC
OUTPUT DIR == ..\Output\
OUTPUT == NETCDF
  SUFFIX == TFV
  OUTPUT PARAMETERS ==  D, H, V, W, W10, SAL, TEMP,
  OUTPUT INTERVAL ==    14400.00
END OUTPUT
OUTPUT == NETCDF
  SUFFIX == AED
  OUTPUT PARAMETERS ==  D, H, TEMP, WQ_ALL, WQ_DIAG_TOT_TN, WQ_DIAG_TOT_TP, WQ_DIAG_PHY_TCHLA, WQ_DIAG_MAG_TMALG, WQ_DIAG_BIV_TBIV,
  OUTPUT INTERVAL ==    14400.00
  COMPRESSION == .TRUE.
END OUTPUT
OUTPUT == NETCDF
  SUFFIX == AED_diag
  OUTPUT PARAMETERS ==  D, H, WQ_DIAG_ALL, WQ_MAG_CGM, WQ_MAG_CGM_IP,
  OUTPUT INTERVAL ==    28800.00
  COMPRESSION == .TRUE.
END OUTPUT
OUTPUT == FLUX
  OUTPUT INTERVAL ==    7200.000
END OUTPUT
OUTPUT == POINTS
  OUTPUT POINTS FILE == ..\Geo\output_points_epa.csv
  VERTICAL AVERAGING == DEPTH-RANGE   0.000000     to    5.000000
  SUFFIX == depth_surf_temp
  OUTPUT PARAMETERS ==  TEMP,
  OUTPUT INTERVAL ==    7200.000
END OUTPUT
OUTPUT == POINTS
  OUTPUT POINTS FILE == ..\Geo\output_points_epa.csv
  VERTICAL AVERAGING == DEPTH-RANGE   0.000000     to    5.000000
  SUFFIX == depth_surf_TOT_TN
  OUTPUT PARAMETERS ==  WQ_DIAG_TOT_TN,
  OUTPUT INTERVAL ==    7200.000
END OUTPUT
OUTPUT == POINTS
  OUTPUT POINTS FILE == ..\Geo\output_points_epa.csv
  VERTICAL AVERAGING == DEPTH-RANGE   0.000000     to    5.000000
  SUFFIX == depth_surf_PHY_EDIAT_fPho
  OUTPUT PARAMETERS ==  WQ_DIAG_PHY_EDIAT_FPHO,
  OUTPUT INTERVAL ==    7200.000
END OUTPUT
OUTPUT == POINTS
  OUTPUT POINTS FILE == ..\Geo\output_points_epa.csv
  VERTICAL AVERAGING == LAYER-RANGE-BOT   1.000000     to    1.000000
  SUFFIX == bot_tbiv
  OUTPUT PARAMETERS ==  WQ_DIAG_BIV_TBIV,
  OUTPUT INTERVAL ==    7200.000
END OUTPUT
WRITE RESTART DT ==    86400.00
HARDWARE TARGET == GPU
Closing file unit: 101
Finished echoing input file.



Successfully processed input control files.

Initialising TUFLOW-FV engine license:

Searching for a BMT WIBU Hardware Licence...

TUFLOW FV Engine            Dongle 3793274  Expiry 2022/06/29  Local   1 of    1 (0 remaining)
Successfully found WIBU TUFLOW-FV engine licence

Initialising TUFLOW-FV simulation threads:
TUFLOW FV Threads (1)       Dongle 3793274  Expiry 2022/06/29  Local   1 of    4 (3 remaining)
Successfully initialised 1 threads.

Initialising requested TUFLOW-FV module license/s:
TUFLOW FV 3D Module         Dongle 3793274  Expiry 2022/06/29  Local   1 of    1 (0 remaining)
TUFLOW FV AD Module         Dongle 3793274  Expiry 2022/06/29  Local   1 of    1 (0 remaining)
TUFLOW FV WQ Module         Dongle 3793274  Expiry 2022/06/29  Local   1 of    1 (0 remaining)
TUFLOW FV GPU Cards (1)      Not licensed or no local licences free.
Not succesful.


ERROR: Requested module license not found on available dongle/s.

ERROR-STACK:fvlicense_initialise_modules:Requested module license not found on available dongle/s.


Simulation Summary:

Input File: C:\Users\00065525\Scratch\Erie\Erie_TFVAED_Scn00\Input\erie.fvc
Log File: C:\Users\00065525\Scratch\Erie\Erie_TFVAED_Scn00\Input\log\erie.log

Computer name: DEP58182
User name: 00065525
Execution Timestamp: 06/07/2021 06:11:37
Execution Completed: 06/07/2021 06:11:39

Number of warnings = 1

Fatal Error Encountered!


Exiting TUFLOWFV

