
***************************** TUFLOWFV *****************************

Build version: 2020.02.034
Build date: 27/08/2020 09:15
Build platform: Windows
Build architecture:  x86-64
Compiler version: Ifort 19.0.3
Build precision: single
NVidia GPU enabled: Cuda v11.0.167
GIS Module Version: 2020-07-PD

********************************************************************

Computer name: DEP58182
User name: 00065525
Execution timestamp: 06/07/2021 15:41:05


Initialising TUFLOW Licence Settings...

No TUFLOW licence Settings files found.  Default settings applied.
WIBU Retry Time == 60  ! Seconds.  Values less than 1 are set to 1.  Default = 60.
WIBU Retry Count == 0  ! Number of times to retry for a licence at start of simulation.  Use -1 for indefinitely.  Default = 0.
WIBU Dongles Only == OFF  ! If set to ON, searches for WIBU dongles only.  Default is OFF.

Attempting to process input control file:
Trying to open file: erie_00.fvc ... OK. File unit: 101
TIME FORMAT == ISO DATE & TIME
REFERENCE TIME == 01/01/2001 00:00:00
Start echoing input file:
SPHERICAL == .FALSE.
INCLUDE SALINITY == .TRUE.
COUPLE SALINITY DENSITY == .TRUE.
INCLUDE TEMPERATURE == .TRUE.
COUPLE TEMPERATURE DENSITY == .TRUE.
INCLUDE SEDIMENT == .FALSE.
INCLUDE HEAT == .TRUE.
INCLUDE ICE == .TRUE.
LONG WAVE RADIATION MODEL == 3
SW RADIATION ALBEDO (MEAN AT EQUATOR) ==   0.8000000E-01
LONG WAVE RADIATION ALBEDO ==   0.3000000E-01
MOMENTUM MIXING MODEL == SMAGORINSKY
SCALAR MIXING MODEL == SMAGORINSKY
VERTICAL MIXING MODEL == EXTERNAL
EXTERNAL TURBULENCE MODEL DIR == ..\External\GOTM\
WATER QUALITY MODEL == EXTERNAL
EXTERNAL WATER QUALITY MODEL DIR == ..\External\AED\
SPATIAL ORDER == 1, 2
VERTICALGRADIENTLIMITER == MC
BOTTOM DRAG MODEL == KS
EQUATION OF STATE == UNESCO
START TIME == 07/05/2013 00:00:00
END TIME == 30/09/2013 06:00:00
CFL EXTERNAL ==   0.9000000
CFL INTERNAL ==   0.9000000
TIMESTEP LIMITS ==   0.1000000    ,    10.00000
TURBULENCE UPDATE DT ==    600.0000
DISPLAY DT ==    900.0000
WQ UPDATE DT ==    1800.000
STABILITY LIMITS ==    15.00000    ,    15.00000
WARNING: Wet depth is less than dry depth. Momentum will never be switched off
CELL DRY/WET DEPTHS ==   0.1000000    ,   0.1000000
G ==    9.810000
LATITUDE ==    42.12221
REFERENCE SALINITY ==    35.00000
REFERENCE TEMPERATURE ==    18.00000
REFERENCE DENSITY ==    1000.000
DENSITY AIR ==    1.180000
GLOBAL BOTTOM ROUGHNESS ==   0.2000000E-02
GLOBAL HORIZONTAL EDDY VISCOSITY (SMAG COEFF) ==   0.2000000
GLOBAL HORIZONTAL SCALAR DIFFUSIVITY (SMAG COEFF) ==   0.2000000
DIFFUSIVITY LIMITER DT ==    30.00000
KINEMATIC VISCOSITY ==   0.1000000E-05
GLOBAL VERTICAL EDDY VISCOSITY LIMITS ==   0.1000000E-03,    9999.000
GLOBAL VERTICAL SCALAR DIFFUSIVITY LIMITS ==   0.1000000E-05,    9999.000
GEOMETRY2D == ..\Geo\Erie_v5_Substrates_NS.2dm
VERTICAL MESH TYPE == Z
LAYER FACE FILE == ..\Geo\layers.csv
SURFACE SIGMA LAYERS == 2
MINIMUM LAYER THICKNESS ==   0.1000000
CELL 3D DEPTH ==   0.5000000
MATERIAL == 1
  BOTTOM ROUGHNESS ==   0.5000000E-02
END MATERIAL
MATERIAL == 2
  BOTTOM ROUGHNESS ==   0.5000000E-02
END MATERIAL
MATERIAL == 3
  BOTTOM ROUGHNESS ==   0.5000000E-02
END MATERIAL
MATERIAL == 4
  BOTTOM ROUGHNESS ==   0.5000000E-02
END MATERIAL
MATERIAL == 5
  BOTTOM ROUGHNESS ==   0.5000000E-02
END MATERIAL
MATERIAL == 6
  BOTTOM ROUGHNESS ==   0.5000000E-02
END MATERIAL
MATERIAL == 7
  BOTTOM ROUGHNESS ==   0.5000000E-02
END MATERIAL
MATERIAL == 8
  BOTTOM ROUGHNESS ==   0.5000000E-02
END MATERIAL
MATERIAL == 9
  BOTTOM ROUGHNESS ==   0.5000000E-02
END MATERIAL
MATERIAL == 10
  BOTTOM ROUGHNESS ==   0.5000000E-02
END MATERIAL
MATERIAL == 11
  BOTTOM ROUGHNESS ==   0.5000000E-02
END MATERIAL
NTRACER == 1
INITIAL CONDITION 2D == ..\BCs\IC\IC-AED2-2013-Feb11NN.csv
GRID DEFINITION FILE == ..\BCs\Met\Wind_utm_20130507_20151001.nc
GRID DEFINITION VARIABLES ==  X, Y
GRID DEFINITION LABEL == WIND_GRID
END GRID
BC == W10_GRID, WIND_GRID, ..\BCs\Met\Wind_utm_20130507_20151001.nc
  BC HEADER ==  time, u, v
BC REFERENCE TIME == 01/01/1990 00:00:00
  BC TIME UNITS == HOURS
  UPDATE DT ==    3600.000
  BC SCALE ==    1.125000,   1.125000
END BC
GRID DEFINITION FILE == ..\BCs\Met\Temperature_utm_20130507_20151001.nc
GRID DEFINITION VARIABLES ==  X, Y
GRID DEFINITION LABEL == TEMP_GRID
END GRID
BC == AIR_TEMP_GRID, TEMP_GRID, ..\BCs\Met\Temperature_utm_20130507_20151001.nc
  BC HEADER ==  time, temp
BC REFERENCE TIME == 01/01/1990 00:00:00
  BC TIME UNITS == HOURS
  UPDATE DT ==    3600.000
END BC
GRID DEFINITION FILE == ..\BCs\Met\RelHum_utm_20130507_20151001.nc
GRID DEFINITION VARIABLES ==  X, Y
GRID DEFINITION LABEL == RHUM_GRID
END GRID
BC == REL_HUM_GRID, RHUM_GRID, ..\BCs\Met\RelHum_utm_20130507_20151001.nc
  BC HEADER ==  time, rhum
BC REFERENCE TIME == 01/01/1990 00:00:00
  BC TIME UNITS == HOURS
  UPDATE DT ==    3600.000
END BC
GRID DEFINITION FILE == ..\BCs\Met\Radiation_utm_20130507_20150930.nc
GRID DEFINITION VARIABLES ==  X, Y
GRID DEFINITION LABEL == RAD_GRID
END GRID
BC == SW_RAD_GRID, RAD_GRID, ..\BCs\Met\Radiation_utm_20130507_20150930.nc
  BC HEADER ==  time, dswr
BC REFERENCE TIME == 01/01/1990 00:00:00
  BC TIME UNITS == HOURS
  UPDATE DT ==    3600.000
END BC
BC == LW_RAD_GRID, RAD_GRID, ..\BCs\Met\Radiation_utm_20130507_20150930.nc
  BC HEADER ==  time, dlwr
BC REFERENCE TIME == 01/01/1990 00:00:00
  BC TIME UNITS == HOURS
  UPDATE DT ==    3600.000
END BC
BC == Q, 1, ..\BCs\Inflows\2002-14_flwo_Nia_v02.csv
  BC HEADER ==  TIME, FLOW
  BC SCALE ==   -1.000000
END BC
BC == Q, 2, ..\BCs\Inflows\2002-14_flwi_Det_v02.csv
  BC HEADER ==  TIME, Q, SAL, TEMP, T1, SS1, AGE, OXY, SIL, AMM, NIT, FRP, FRP_ADS, DOC, POC, DON, PON, DOP, POP, CY, CYr, CYin, CYip, CH, CHin, CHip, CR, CRin, CRip, ED, EDin, EDip, LD, LDin, LDip, CGM, CGMip
  BC SCALE ==    1.000000,   1.000000,   1.000000,   1.000000,   1.000000,   1.000000,   1.000000,   1.000000,   1.000000,   1.000000,  0.6000000,  0.6000000,   1.000000,   1.000000,   1.000000,   1.000000,  0.6000
END BC
BC == QC,    616680.0    ,    4744330.    , ..\BCs\Inflows\2002-14_flwi_Gra_ON-WQ_v02.csv
  BC HEADER ==  TIME, Q, SAL, TEMP, T1, SS1, AGE, OXY, SIL, AMM, NIT, FRP, FRP_ADS, DOC, POC, DON, PON, DOP, POP, CY, CYr, CYin, CYip, CH, CHin, CHip, CR, CRin, CRip, ED, EDin, EDip, LD, LDin, LDip, CGM, CGMip
  BC SCALE ==    1.000000,   1.000000,   1.000000,   1.000000,   1.000000,   1.000000,   1.000000,   1.000000,   1.000000,   1.000000,  0.6000000,  0.6000000,   1.000000,   1.000000,   1.000000,   1.000000,  0.6000
END BC
BC == QC,    304206.7    ,    4618818.    , ..\BCs\Inflows\2002-14_flwi_Mau-WQ_v02.csv
  BC HEADER ==  TIME, Q, SAL, TEMP, T1, SS1, AGE, OXY, SIL, AMM, NIT, FRP, FRP_ADS, DOC, POC, DON, PON, DOP, POP, CY, CYr, CYin, CYip, CH, CHin, CHip, CR, CRin, CRip, ED, EDin, EDip, LD, LDin, LDip, CGM, CGMip
  BC SCALE ==    1.000000,   1.000000,   1.000000,   1.000000,   1.000000,   1.000000,   1.000000,   1.000000,   1.000000,   1.000000,  0.6000000,  0.6000000,   1.000000,   1.000000,   1.000000,   1.000000,  0.6000
END BC
BC == QC,    362406.7    ,    4590618.    , ..\BCs\Inflows\2002-14_flwi_Snd-WQ_v02.csv
  BC HEADER ==  TIME, Q, SAL, TEMP, T1, SS1, AGE, OXY, SIL, AMM, NIT, FRP, FRP_ADS, DOC, POC, DON, PON, DOP, POP, CY, CYr, CYin, CYip, CH, CHin, CHip, CR, CRin, CRip, ED, EDin, EDip, LD, LDin, LDip, CGM, CGMip
  BC SCALE ==    1.000000,   1.000000,   1.000000,   1.000000,   1.000000,   1.000000,   1.000000,   1.000000,   1.000000,   1.000000,  0.6000000,  0.6000000,   1.000000,   1.000000,   1.000000,   1.000000,  0.6000
END BC
BC == QC,    438120.0    ,    4594766.    , ..\BCs\Inflows\2002-14_flwi_Cuy-WQ_v02.csv
  BC HEADER ==  TIME, Q, SAL, TEMP, T1, SS1, AGE, OXY, SIL, AMM, NIT, FRP, FRP_ADS, DOC, POC, DON, PON, DOP, POP, CY, CYr, CYin, CYip, CH, CHin, CHip, CR, CRin, CRip, ED, EDin, EDip, LD, LDin, LDip, CGM, CGMip
  BC SCALE ==    1.000000,   1.000000,   1.000000,   1.000000,   1.000000,   1.000000,   1.000000,   1.000000,   1.000000,   1.000000,  0.6000000,  0.6000000,   1.000000,   1.000000,   1.000000,   1.000000,  0.6000
END BC
OUTPUT DIR == ..\Output\
OUTPUT == NETCDF
  SUFFIX == TFV
  OUTPUT PARAMETERS ==  D, H, V, W, W10, SAL, TEMP,
  OUTPUT INTERVAL ==    14400.00
END OUTPUT
OUTPUT == NETCDF
  SUFFIX == AED
  OUTPUT PARAMETERS ==  D, H, TEMP, WQ_ALL, WQ_DIAG_TOT_TN, WQ_DIAG_TOT_TP, WQ_DIAG_PHY_TCHLA, WQ_DIAG_MAG_TMALG, WQ_DIAG_BIV_TBIV,
  OUTPUT INTERVAL ==    14400.00
  COMPRESSION == .TRUE.
END OUTPUT
OUTPUT == NETCDF
  SUFFIX == AED_diag
  OUTPUT PARAMETERS ==  D, H, WQ_DIAG_ALL, WQ_MAG_CGM, WQ_MAG_CGM_IP,
  OUTPUT INTERVAL ==    28800.00
  COMPRESSION == .TRUE.
END OUTPUT
OUTPUT == FLUX
  OUTPUT INTERVAL ==    7200.000
END OUTPUT
OUTPUT == POINTS
  OUTPUT POINTS FILE == ..\Geo\output_points_epa.csv
  VERTICAL AVERAGING == DEPTH-RANGE   0.000000     to    5.000000
  SUFFIX == depth_surf_temp
  OUTPUT PARAMETERS ==  TEMP,
  OUTPUT INTERVAL ==    7200.000
END OUTPUT
OUTPUT == POINTS
  OUTPUT POINTS FILE == ..\Geo\output_points_epa.csv
  VERTICAL AVERAGING == DEPTH-RANGE   0.000000     to    5.000000
  SUFFIX == depth_surf_TOT_TN
  OUTPUT PARAMETERS ==  WQ_DIAG_TOT_TN,
  OUTPUT INTERVAL ==    7200.000
END OUTPUT
OUTPUT == POINTS
  OUTPUT POINTS FILE == ..\Geo\output_points_epa.csv
  VERTICAL AVERAGING == DEPTH-RANGE   0.000000     to    5.000000
  SUFFIX == depth_surf_PHY_EDIAT_fPho
  OUTPUT PARAMETERS ==  WQ_DIAG_PHY_EDIAT_FPHO,
  OUTPUT INTERVAL ==    7200.000
END OUTPUT
OUTPUT == POINTS
  OUTPUT POINTS FILE == ..\Geo\output_points_epa.csv
  VERTICAL AVERAGING == LAYER-RANGE-BOT   1.000000     to    1.000000
  SUFFIX == bot_tbiv
  OUTPUT PARAMETERS ==  WQ_DIAG_BIV_TBIV,
  OUTPUT INTERVAL ==    7200.000
END OUTPUT
WRITE RESTART DT ==    86400.00
Closing file unit: 101
Finished echoing input file.

Successfully processed input control files.

Initialising TUFLOW-FV engine license:

Searching for a BMT WIBU Hardware Licence...

TUFLOW FV Engine            Dongle 3793274  Expiry 2022/06/29  Local   1 of    1 (0 remaining)
Successfully found WIBU TUFLOW-FV engine licence

Initialising TUFLOW-FV simulation threads:
TUFLOW FV Threads (16)      Dongle 3793274  Expiry 2022/06/29  Local   1 to    4 (0 remaining, 12 unavailable)
Successfully initialised 4 threads.

Initialising requested TUFLOW-FV module license/s:
TUFLOW FV 3D Module         Dongle 3793274  Expiry 2022/06/29  Local   1 of    1 (0 remaining)
TUFLOW FV AD Module         Dongle 3793274  Expiry 2022/06/29  Local   1 of    1 (0 remaining)
TUFLOW FV WQ Module         Dongle 3793274  Expiry 2022/06/29  Local   1 of    1 (0 remaining)
Successful.

Attempting to build model domain object/s:

Processing mesh geometry file/s:
Reading 2dm mesh file...
Trying to open file: ..\Geo\Erie_v5_Substrates_NS.2dm ... OK. File unit: 101
Closing file unit: 101
Finished reading 2dm mesh file.

Processing mesh face connections...
Finished processing mesh face connections.

Reading 3D layer specification file...
Trying to open file: ..\Geo\layers.csv ... OK. File unit: 101
Closing file unit: 101
Trying to open file: ..\Geo\layers.csv ... OK. File unit: 101
 Z columns read from csvfile. 35 lines successfully read.
Closing file unit: 101
Finished reading 3D layer specification file.

Found 18383 nodes.
Found 21884 2D cells.
Found 4 nodestrings.
Mesh geometry file/s succesfully processed.

Constructing domain, comprising:
 21884 2D cells.
 303023 3D cells.
 562371 3D faces.
Constructing node object...OK
Constructing cell object...OK
Constructing face object...OK
Constructing gridmap object/s...
  Extracting grid definition from ..\BCs\Met\Wind_utm_20130507_20151001.nc
Trying to open file: ..\BCs\Met\Wind_utm_20130507_20151001.nc ...OK
Closing file: ..\BCs\Met\Wind_utm_20130507_20151001.nc
    Constructing grid to mesh-cells map
WARNING: 21626 model cells (  98.82 %) are within grid coverage.
  Extracting grid definition from ..\BCs\Met\Temperature_utm_20130507_20151001.nc
Trying to open file: ..\BCs\Met\Temperature_utm_20130507_20151001.nc ...OK
Closing file: ..\BCs\Met\Temperature_utm_20130507_20151001.nc
    Constructing grid to mesh-cells map
WARNING: 21626 model cells (  98.82 %) are within grid coverage.
  Extracting grid definition from ..\BCs\Met\RelHum_utm_20130507_20151001.nc
Trying to open file: ..\BCs\Met\RelHum_utm_20130507_20151001.nc ...OK
Closing file: ..\BCs\Met\RelHum_utm_20130507_20151001.nc
    Constructing grid to mesh-cells map
  Extracting grid definition from ..\BCs\Met\Radiation_utm_20130507_20150930.nc
Trying to open file: ..\BCs\Met\Radiation_utm_20130507_20150930.nc ...OK
Closing file: ..\BCs\Met\Radiation_utm_20130507_20150930.nc
    Constructing grid to mesh-cells map
WARNING: 21626 model cells (  98.82 %) are within grid coverage.
OK
Constructing external mode objects...OK

Successfully built model domain object/s.

Attempting to initialise atmospheric module:
WARNING: Cloud cover not defined by the user. Clear skies assumed for long wave radiation heat transfer model
Successfully initialised atmospheric module.

Attempting to initialise external turbulence model:
Initialising "GOTM" external turbulence module:
Succesfully initialised external turbulence model.

Attempting to initialise model structural configurations:
Constructing struct object...
Finished constructing struct object
Successfully initialised model structural configurations.

Attempting to initialise model boundary conditions:
Constructing fvbc object...

BC 1, Type=W10_GRID
Update dt=   3600.000    s
BC grid label = WIND_GRID
BC grid id = 1
BC reference time = 01/01/1990 00:00:00
BC time units = HOURS
BC variable offset/s =   0.00E+00  0.00E+00
BC variable scale/s =   1.12E+00  1.12E+00
BC default value/s =   NaN  NaN
BC variable name/s =  TIME, W10_X, W10_Y,
BC file header/s =  TIME, U, V,
Trying to open file: ..\BCs\Met\Wind_utm_20130507_20151001.nc ...OK
TIME,U,V, variables found in netcdf file. 21313 timesteps successfully read.
BC 1 is OK

BC 2, Type=AIR_TEMP_GRID
Update dt=   3600.000    s
BC grid label = TEMP_GRID
BC grid id = 2
BC reference time = 01/01/1990 00:00:00
BC time units = HOURS
BC variable offset/s =   0.00E+00
BC variable scale/s =   1.00E+00
BC default value/s =   NaN
BC variable name/s =  TIME, AIR_TEMP,
BC file header/s =  TIME, TEMP,
Trying to open file: ..\BCs\Met\Temperature_utm_20130507_20151001.nc ...OK
TIME,TEMP, variables found in netcdf file. 21313 timesteps successfully read.
BC 2 is OK

BC 3, Type=REL_HUM_GRID
Update dt=   3600.000    s
BC grid label = RHUM_GRID
BC grid id = 3
BC reference time = 01/01/1990 00:00:00
BC time units = HOURS
BC variable offset/s =   0.00E+00
BC variable scale/s =   1.00E+00
BC default value/s =   NaN
BC variable name/s =  TIME, REL_HUM,
BC file header/s =  TIME, RHUM,
Trying to open file: ..\BCs\Met\RelHum_utm_20130507_20151001.nc ...OK
TIME,RHUM, variables found in netcdf file. 21313 timesteps successfully read.
BC 3 is OK

BC 4, Type=SW_RAD_GRID
Update dt=   3600.000    s
BC grid label = RAD_GRID
BC grid id = 4
BC reference time = 01/01/1990 00:00:00
BC time units = HOURS
BC variable offset/s =   0.00E+00
BC variable scale/s =   1.00E+00
BC default value/s =   NaN
BC variable name/s =  TIME, SW_RAD,
BC file header/s =  TIME, DSWR,
Trying to open file: ..\BCs\Met\Radiation_utm_20130507_20150930.nc ...OK
TIME,DSWR, variables found in netcdf file. 21313 timesteps successfully read.
BC 4 is OK

BC 5, Type=LW_RAD_GRID
Update dt=   3600.000    s
BC grid label = RAD_GRID
BC grid id = 4
BC reference time = 01/01/1990 00:00:00
BC time units = HOURS
BC variable offset/s =   0.00E+00
BC variable scale/s =   1.00E+00
BC default value/s =   NaN
BC variable name/s =  TIME, LW_RAD,
BC file header/s =  TIME, DLWR,
Trying to open file: ..\BCs\Met\Radiation_utm_20130507_20150930.nc ...OK
TIME,DLWR, variables found in netcdf file. 21313 timesteps successfully read.
BC 5 is OK

BC 6, Type=Q
Subtype=1
BC Nodestring id = 1
BC variable name/s = TIME, Q, SAL, TEMP, TRACE_1, WQ_1, WQ_2, WQ_3, WQ_4, WQ_5, WQ_6, WQ_7, WQ_8, WQ_9, WQ_10, WQ_11, WQ_12, WQ_13, WQ_14, WQ_15, WQ_16, WQ_17, WQ_18, WQ_19, WQ_20, WQ_21, WQ_22, WQ_23, WQ_24, WQ_25, WQ_26
BC file header/s = TIME, FLOW, SAL, TEMP, TRACE_1, WQ_1, WQ_2, WQ_3, WQ_4, WQ_5, WQ_6, WQ_7, WQ_8, WQ_9, WQ_10, WQ_11, WQ_12, WQ_13, WQ_14, WQ_15, WQ_16, WQ_17, WQ_18, WQ_19, WQ_20, WQ_21, WQ_22, WQ_23, WQ_24, WQ_25, WQ
BC reference time = 01/01/2001 00:00:00
BC time units = ISOTIME
BC variable offset/s =   0.00E+00, 0.00E+00, 0.00E+00, 0.00E+00, 0.00E+00, 0.00E+00, 0.00E+00, 0.00E+00, 0.00E+00, 0.00E+00, 0.00E+00, 0.00E+00, 0.00E+00, 0.00E+00, 0.00E+00, 0.00E+00, 0.00E+00, 0.00E+00, 0.00E+00, 0.00E+00, 0.00E+00, 0.00E+00, 0.00E+00, 0.00E+00, 0.00E+00, 0.00E+00, 0.00E+00, 0.00E+00, 0.00E+00, 0.00E+00, 0.00E+00, 0.00E+00, 0.00E+00, 0.00E+00, 0.00E+00, 0.00E+00, 0.00E+00
BC variable scale/s =  -1.00E+00, 1.00E+00, 1.00E+00, 1.00E+00, 1.00E+00, 1.00E+00, 1.00E+00, 1.00E+00, 1.00E+00, 1.00E+00, 1.00E+00, 1.00E+00, 1.00E+00, 1.00E+00, 1.00E+00, 1.00E+00, 1.00E+00, 1.00E+00, 1.00E+00, 1.00E+00, 1.00E+00, 1.00E+00, 1.00E+00, 1.00E+00, 1.00E+00, 1.00E+00, 1.00E+00, 1.00E+00, 1.00E+00, 1.00E+00, 1.00E+00, 1.00E+00, 1.00E+00, 1.00E+00, 1.00E+00, 1.00E+00, 1.00E+00
BC variable default/s =   NaN, NaN, NaN, NaN, NaN, NaN, NaN, NaN, NaN, NaN, NaN, NaN, NaN, NaN, NaN, NaN, NaN, NaN, NaN, NaN, NaN, NaN, NaN, NaN, NaN, NaN, NaN, NaN, NaN, NaN, NaN, NaN, NaN, NaN, NaN, NaN, NaN
Trying to open file: ..\BCs\Inflows\2002-14_flwo_Nia_v02.csv ... OK. File unit: 101
WARNING: SAL column not found in csv file. Assigning a value of             NaN
WARNING: TEMP column not found in csv file. Assigning a value of             NaN
WARNING: TRACE_1 column not found in csv file. Assigning a value of             NaN
WARNING: WQ_1 column not found in csv file. Assigning a value of             NaN
WARNING: WQ_2 column not found in csv file. Assigning a value of             NaN
WARNING: WQ_3 column not found in csv file. Assigning a value of             NaN
WARNING: WQ_4 column not found in csv file. Assigning a value of             NaN
WARNING: WQ_5 column not found in csv file. Assigning a value of             NaN
WARNING: WQ_6 column not found in csv file. Assigning a value of             NaN
WARNING: WQ_7 column not found in csv file. Assigning a value of             NaN
WARNING: WQ_8 column not found in csv file. Assigning a value of             NaN
WARNING: WQ_9 column not found in csv file. Assigning a value of             NaN
WARNING: WQ_10 column not found in csv file. Assigning a value of             NaN
WARNING: WQ_11 column not found in csv file. Assigning a value of             NaN
WARNING: WQ_12 column not found in csv file. Assigning a value of             NaN
WARNING: WQ_13 column not found in csv file. Assigning a value of             NaN
WARNING: WQ_14 column not found in csv file. Assigning a value of             NaN
WARNING: WQ_15 column not found in csv file. Assigning a value of             NaN
WARNING: WQ_16 column not found in csv file. Assigning a value of             NaN
WARNING: WQ_17 column not found in csv file. Assigning a value of             NaN
WARNING: WQ_18 column not found in csv file. Assigning a value of             NaN
WARNING: WQ_19 column not found in csv file. Assigning a value of             NaN
WARNING: WQ_20 column not found in csv file. Assigning a value of             NaN
WARNING: WQ_21 column not found in csv file. Assigning a value of             NaN
WARNING: WQ_22 column not found in csv file. Assigning a value of             NaN
WARNING: WQ_23 column not found in csv file. Assigning a value of             NaN
WARNING: WQ_24 column not found in csv file. Assigning a value of             NaN
WARNING: WQ_25 column not found in csv file. Assigning a value of             NaN
WARNING: WQ_26 column not found in csv file. Assigning a value of             NaN
WARNING: WQ_27 column not found in csv file. Assigning a value of             NaN
WARNING: WQ_28 column not found in csv file. Assigning a value of             NaN
WARNING: WQ_29 column not found in csv file. Assigning a value of             NaN
WARNING: WQ_30 column not found in csv file. Assigning a value of             NaN
WARNING: WQ_31 column not found in csv file. Assigning a value of             NaN
WARNING: WQ_32 column not found in csv file. Assigning a value of             NaN
WARNING: WQ_33 column not found in csv file. Assigning a value of             NaN
TIME, FLOW columns read from csvfile. 4748 lines successfully read.
Closing file unit: 101
BC 6 is OK

BC 7, Type=Q
Subtype=1
BC Nodestring id = 2
BC variable name/s = TIME, Q, SAL, TEMP, TRACE_1, WQ_1, WQ_2, WQ_3, WQ_4, WQ_5, WQ_6, WQ_7, WQ_8, WQ_9, WQ_10, WQ_11, WQ_12, WQ_13, WQ_14, WQ_15, WQ_16, WQ_17, WQ_18, WQ_19, WQ_20, WQ_21, WQ_22, WQ_23, WQ_24, WQ_25, WQ_26
BC file header/s = TIME, Q, SAL, TEMP, T1, SS1, AGE, OXY, SIL, AMM, NIT, FRP, FRP_ADS, DOC, POC, DON, PON, DOP, POP, CY, CYr, CYin, CYip, CH, CHin, CHip, CR, CRin, CRip, ED, EDin, EDip, LD, LDin, LDip, CGM, CGMip, BIVF
BC reference time = 01/01/2001 00:00:00
BC time units = ISOTIME
BC variable offset/s =   0.00E+00, 0.00E+00, 0.00E+00, 0.00E+00, 0.00E+00, 0.00E+00, 0.00E+00, 0.00E+00, 0.00E+00, 0.00E+00, 0.00E+00, 0.00E+00, 0.00E+00, 0.00E+00, 0.00E+00, 0.00E+00, 0.00E+00, 0.00E+00, 0.00E+00, 0.00E+00, 0.00E+00, 0.00E+00, 0.00E+00, 0.00E+00, 0.00E+00, 0.00E+00, 0.00E+00, 0.00E+00, 0.00E+00, 0.00E+00, 0.00E+00, 0.00E+00, 0.00E+00, 0.00E+00, 0.00E+00, 0.00E+00, 0.00E+00
BC variable scale/s =   1.00E+00, 1.00E+00, 1.00E+00, 1.00E+00, 1.00E+00, 1.00E+00, 1.00E+00, 1.00E+00, 1.00E+00, 1.00E+00, 6.00E-01, 6.00E-01, 1.00E+00, 1.00E+00, 1.00E+00, 1.00E+00, 6.00E-01, 6.00E-01, 1.00E+00, 1.00E+00, 1.00E+00, 6.00E-01, 1.00E+00, 1.00E+00, 6.00E-01, 1.00E+00, 1.00E+00, 6.00E-01, 1.00E+00, 1.00E+00, 6.00E-01, 1.00E+00, 1.00E+00, 6.00E-01, 1.00E+00, 6.00E-01, 1.00E+00
BC variable default/s =   NaN, NaN, NaN, NaN, NaN, NaN, NaN, NaN, NaN, NaN, NaN, NaN, NaN, NaN, NaN, NaN, NaN, NaN, NaN, NaN, NaN, NaN, NaN, NaN, NaN, NaN, NaN, NaN, NaN, NaN, NaN, NaN, NaN, NaN, NaN, NaN, NaN
Trying to open file: ..\BCs\Inflows\2002-14_flwi_Det_v02.csv ... OK. File unit: 101
TIME, Q, SAL, TEMP, T1, SS1, AGE, OXY, SIL, AMM, NIT, FRP, FRP_ADS, DOC, POC, DON, PON, DOP, POP, CY, CYr, CYin, CYip, CH, CHin, CHip, CR, CRin, CRip, ED, EDin, EDip, LD, LDin, LDip, CGM, CGMip, BIVF columns read from csvfile. 4748 lines successfully read.
Closing file unit: 101
BC 7 is OK

BC 8, Type=QC
Subtype=1
Cell id=2645
BC variable name/s = TIME, Q, SAL, TEMP, TRACE_1, WQ_1, WQ_2, WQ_3, WQ_4, WQ_5, WQ_6, WQ_7, WQ_8, WQ_9, WQ_10, WQ_11, WQ_12, WQ_13, WQ_14, WQ_15, WQ_16, WQ_17, WQ_18, WQ_19, WQ_20, WQ_21, WQ_22, WQ_23, WQ_24, WQ_25, WQ_26
BC file header/s = TIME, Q, SAL, TEMP, T1, SS1, AGE, OXY, SIL, AMM, NIT, FRP, FRP_ADS, DOC, POC, DON, PON, DOP, POP, CY, CYr, CYin, CYip, CH, CHin, CHip, CR, CRin, CRip, ED, EDin, EDip, LD, LDin, LDip, CGM, CGMip, BIVF
BC reference time = 01/01/2001 00:00:00
BC time units = ISOTIME
BC variable offset/s =   0.00E+00, 0.00E+00, 0.00E+00, 0.00E+00, 0.00E+00, 0.00E+00, 0.00E+00, 0.00E+00, 0.00E+00, 0.00E+00, 0.00E+00, 0.00E+00, 0.00E+00, 0.00E+00, 0.00E+00, 0.00E+00, 0.00E+00, 0.00E+00, 0.00E+00, 0.00E+00, 0.00E+00, 0.00E+00, 0.00E+00, 0.00E+00, 0.00E+00, 0.00E+00, 0.00E+00, 0.00E+00, 0.00E+00, 0.00E+00, 0.00E+00, 0.00E+00, 0.00E+00, 0.00E+00, 0.00E+00, 0.00E+00, 0.00E+00
BC variable scale/s =   1.00E+00, 1.00E+00, 1.00E+00, 1.00E+00, 1.00E+00, 1.00E+00, 1.00E+00, 1.00E+00, 1.00E+00, 1.00E+00, 6.00E-01, 6.00E-01, 1.00E+00, 1.00E+00, 1.00E+00, 1.00E+00, 6.00E-01, 6.00E-01, 1.00E+00, 1.00E+00, 1.00E+00, 6.00E-01, 1.00E+00, 1.00E+00, 6.00E-01, 1.00E+00, 1.00E+00, 6.00E-01, 1.00E+00, 1.00E+00, 6.00E-01, 1.00E+00, 1.00E+00, 6.00E-01, 1.00E+00, 6.00E-01, 1.00E+00
BC variable default/s =   NaN, NaN, NaN, NaN, NaN, NaN, NaN, NaN, NaN, NaN, NaN, NaN, NaN, NaN, NaN, NaN, NaN, NaN, NaN, NaN, NaN, NaN, NaN, NaN, NaN, NaN, NaN, NaN, NaN, NaN, NaN, NaN, NaN, NaN, NaN, NaN, NaN
Trying to open file: ..\BCs\Inflows\2002-14_flwi_Gra_ON-WQ_v02.csv ... OK. File unit: 101
TIME, Q, SAL, TEMP, T1, SS1, AGE, OXY, SIL, AMM, NIT, FRP, FRP_ADS, DOC, POC, DON, PON, DOP, POP, CY, CYr, CYin, CYip, CH, CHin, CHip, CR, CRin, CRip, ED, EDin, EDip, LD, LDin, LDip, CGM, CGMip, BIVF columns read from csvfile. 4748 lines successfully read.
Closing file unit: 101
BC 8 is OK

BC 9, Type=QC
Subtype=1
Cell id=21619
BC variable name/s = TIME, Q, SAL, TEMP, TRACE_1, WQ_1, WQ_2, WQ_3, WQ_4, WQ_5, WQ_6, WQ_7, WQ_8, WQ_9, WQ_10, WQ_11, WQ_12, WQ_13, WQ_14, WQ_15, WQ_16, WQ_17, WQ_18, WQ_19, WQ_20, WQ_21, WQ_22, WQ_23, WQ_24, WQ_25, WQ_26
BC file header/s = TIME, Q, SAL, TEMP, T1, SS1, AGE, OXY, SIL, AMM, NIT, FRP, FRP_ADS, DOC, POC, DON, PON, DOP, POP, CY, CYr, CYin, CYip, CH, CHin, CHip, CR, CRin, CRip, ED, EDin, EDip, LD, LDin, LDip, CGM, CGMip, BIVF
BC reference time = 01/01/2001 00:00:00
BC time units = ISOTIME
BC variable offset/s =   0.00E+00, 0.00E+00, 0.00E+00, 0.00E+00, 0.00E+00, 0.00E+00, 0.00E+00, 0.00E+00, 0.00E+00, 0.00E+00, 0.00E+00, 0.00E+00, 0.00E+00, 0.00E+00, 0.00E+00, 0.00E+00, 0.00E+00, 0.00E+00, 0.00E+00, 0.00E+00, 0.00E+00, 0.00E+00, 0.00E+00, 0.00E+00, 0.00E+00, 0.00E+00, 0.00E+00, 0.00E+00, 0.00E+00, 0.00E+00, 0.00E+00, 0.00E+00, 0.00E+00, 0.00E+00, 0.00E+00, 0.00E+00, 0.00E+00
BC variable scale/s =   1.00E+00, 1.00E+00, 1.00E+00, 1.00E+00, 1.00E+00, 1.00E+00, 1.00E+00, 1.00E+00, 1.00E+00, 1.00E+00, 6.00E-01, 6.00E-01, 1.00E+00, 1.00E+00, 1.00E+00, 1.00E+00, 6.00E-01, 6.00E-01, 1.00E+00, 1.00E+00, 1.00E+00, 6.00E-01, 1.00E+00, 1.00E+00, 6.00E-01, 1.00E+00, 1.00E+00, 6.00E-01, 1.00E+00, 1.00E+00, 6.00E-01, 1.00E+00, 1.00E+00, 6.00E-01, 1.00E+00, 6.00E-01, 1.00E+00
BC variable default/s =   NaN, NaN, NaN, NaN, NaN, NaN, NaN, NaN, NaN, NaN, NaN, NaN, NaN, NaN, NaN, NaN, NaN, NaN, NaN, NaN, NaN, NaN, NaN, NaN, NaN, NaN, NaN, NaN, NaN, NaN, NaN, NaN, NaN, NaN, NaN, NaN, NaN
Trying to open file: ..\BCs\Inflows\2002-14_flwi_Mau-WQ_v02.csv ... OK. File unit: 101
TIME, Q, SAL, TEMP, T1, SS1, AGE, OXY, SIL, AMM, NIT, FRP, FRP_ADS, DOC, POC, DON, PON, DOP, POP, CY, CYr, CYin, CYip, CH, CHin, CHip, CR, CRin, CRip, ED, EDin, EDip, LD, LDin, LDip, CGM, CGMip, BIVF columns read from csvfile. 6937 lines successfully read.
Closing file unit: 101
BC 9 is OK

BC 10, Type=QC
Subtype=1
Cell id=18864
BC variable name/s = TIME, Q, SAL, TEMP, TRACE_1, WQ_1, WQ_2, WQ_3, WQ_4, WQ_5, WQ_6, WQ_7, WQ_8, WQ_9, WQ_10, WQ_11, WQ_12, WQ_13, WQ_14, WQ_15, WQ_16, WQ_17, WQ_18, WQ_19, WQ_20, WQ_21, WQ_22, WQ_23, WQ_24, WQ_25, WQ_26
BC file header/s = TIME, Q, SAL, TEMP, T1, SS1, AGE, OXY, SIL, AMM, NIT, FRP, FRP_ADS, DOC, POC, DON, PON, DOP, POP, CY, CYr, CYin, CYip, CH, CHin, CHip, CR, CRin, CRip, ED, EDin, EDip, LD, LDin, LDip, CGM, CGMip, BIVF
BC reference time = 01/01/2001 00:00:00
BC time units = ISOTIME
BC variable offset/s =   0.00E+00, 0.00E+00, 0.00E+00, 0.00E+00, 0.00E+00, 0.00E+00, 0.00E+00, 0.00E+00, 0.00E+00, 0.00E+00, 0.00E+00, 0.00E+00, 0.00E+00, 0.00E+00, 0.00E+00, 0.00E+00, 0.00E+00, 0.00E+00, 0.00E+00, 0.00E+00, 0.00E+00, 0.00E+00, 0.00E+00, 0.00E+00, 0.00E+00, 0.00E+00, 0.00E+00, 0.00E+00, 0.00E+00, 0.00E+00, 0.00E+00, 0.00E+00, 0.00E+00, 0.00E+00, 0.00E+00, 0.00E+00, 0.00E+00
BC variable scale/s =   1.00E+00, 1.00E+00, 1.00E+00, 1.00E+00, 1.00E+00, 1.00E+00, 1.00E+00, 1.00E+00, 1.00E+00, 1.00E+00, 6.00E-01, 6.00E-01, 1.00E+00, 1.00E+00, 1.00E+00, 1.00E+00, 6.00E-01, 6.00E-01, 1.00E+00, 1.00E+00, 1.00E+00, 6.00E-01, 1.00E+00, 1.00E+00, 6.00E-01, 1.00E+00, 1.00E+00, 6.00E-01, 1.00E+00, 1.00E+00, 6.00E-01, 1.00E+00, 1.00E+00, 6.00E-01, 1.00E+00, 6.00E-01, 1.00E+00
BC variable default/s =   NaN, NaN, NaN, NaN, NaN, NaN, NaN, NaN, NaN, NaN, NaN, NaN, NaN, NaN, NaN, NaN, NaN, NaN, NaN, NaN, NaN, NaN, NaN, NaN, NaN, NaN, NaN, NaN, NaN, NaN, NaN, NaN, NaN, NaN, NaN, NaN, NaN
Trying to open file: ..\BCs\Inflows\2002-14_flwi_Snd-WQ_v02.csv ... OK. File unit: 101
TIME, Q, SAL, TEMP, T1, SS1, AGE, OXY, SIL, AMM, NIT, FRP, FRP_ADS, DOC, POC, DON, PON, DOP, POP, CY, CYr, CYin, CYip, CH, CHin, CHip, CR, CRin, CRip, ED, EDin, EDip, LD, LDin, LDip, CGM, CGMip, BIVF columns read from csvfile. 7417 lines successfully read.
Closing file unit: 101
BC 10 is OK

BC 11, Type=QC
Subtype=1
Cell id=14128
BC variable name/s = TIME, Q, SAL, TEMP, TRACE_1, WQ_1, WQ_2, WQ_3, WQ_4, WQ_5, WQ_6, WQ_7, WQ_8, WQ_9, WQ_10, WQ_11, WQ_12, WQ_13, WQ_14, WQ_15, WQ_16, WQ_17, WQ_18, WQ_19, WQ_20, WQ_21, WQ_22, WQ_23, WQ_24, WQ_25, WQ_26
BC file header/s = TIME, Q, SAL, TEMP, T1, SS1, AGE, OXY, SIL, AMM, NIT, FRP, FRP_ADS, DOC, POC, DON, PON, DOP, POP, CY, CYr, CYin, CYip, CH, CHin, CHip, CR, CRin, CRip, ED, EDin, EDip, LD, LDin, LDip, CGM, CGMip, BIVF
BC reference time = 01/01/2001 00:00:00
BC time units = ISOTIME
BC variable offset/s =   0.00E+00, 0.00E+00, 0.00E+00, 0.00E+00, 0.00E+00, 0.00E+00, 0.00E+00, 0.00E+00, 0.00E+00, 0.00E+00, 0.00E+00, 0.00E+00, 0.00E+00, 0.00E+00, 0.00E+00, 0.00E+00, 0.00E+00, 0.00E+00, 0.00E+00, 0.00E+00, 0.00E+00, 0.00E+00, 0.00E+00, 0.00E+00, 0.00E+00, 0.00E+00, 0.00E+00, 0.00E+00, 0.00E+00, 0.00E+00, 0.00E+00, 0.00E+00, 0.00E+00, 0.00E+00, 0.00E+00, 0.00E+00, 0.00E+00
BC variable scale/s =   1.00E+00, 1.00E+00, 1.00E+00, 1.00E+00, 1.00E+00, 1.00E+00, 1.00E+00, 1.00E+00, 1.00E+00, 1.00E+00, 6.00E-01, 6.00E-01, 1.00E+00, 1.00E+00, 1.00E+00, 1.00E+00, 6.00E-01, 6.00E-01, 1.00E+00, 1.00E+00, 1.00E+00, 6.00E-01, 1.00E+00, 1.00E+00, 6.00E-01, 1.00E+00, 1.00E+00, 6.00E-01, 1.00E+00, 1.00E+00, 6.00E-01, 1.00E+00, 1.00E+00, 6.00E-01, 1.00E+00, 6.00E-01, 1.00E+00
BC variable default/s =   NaN, NaN, NaN, NaN, NaN, NaN, NaN, NaN, NaN, NaN, NaN, NaN, NaN, NaN, NaN, NaN, NaN, NaN, NaN, NaN, NaN, NaN, NaN, NaN, NaN, NaN, NaN, NaN, NaN, NaN, NaN, NaN, NaN, NaN, NaN, NaN, NaN
Trying to open file: ..\BCs\Inflows\2002-14_flwi_Cuy-WQ_v02.csv ... OK. File unit: 101
TIME, Q, SAL, TEMP, T1, SS1, AGE, OXY, SIL, AMM, NIT, FRP, FRP_ADS, DOC, POC, DON, PON, DOP, POP, CY, CYr, CYin, CYip, CH, CHin, CHip, CR, CRin, CRip, ED, EDin, EDip, LD, LDin, LDip, CGM, CGMip, BIVF columns read from csvfile. 6845 lines successfully read.
Closing file unit: 101
BC 11 is OK

Finished constructing fvbc object.

Initialising ghost cell boundary conditions...
Finished initialising ghost cell boundary conditions.

Initialising face object boundary conditions...
Finished initialising face object boundary conditions.

Successfully initialised model boundary conditions.

Attempting to initialise external wq model:
33 water quality variables to be simulated:
  NCS_ss1
  TRC_age
  OXY_oxy
  SIL_rsi
  NIT_amm
  NIT_nit
  PHS_frp
  PHS_frp_ads
  OGM_doc
  OGM_poc
  OGM_don
  OGM_pon
  OGM_dop
  OGM_pop
  PHY_CYANO
  PHY_CYANO_rho
  PHY_CYANO_IN
  PHY_CYANO_IP
  PHY_CHLOR
  PHY_CHLOR_IN
  PHY_CHLOR_IP
  PHY_CRYPT
  PHY_CRYPT_IN
  PHY_CRYPT_IP
  PHY_EDIAT
  PHY_EDIAT_IN
  PHY_EDIAT_IP
  PHY_LDIAT
  PHY_LDIAT_IN
  PHY_LDIAT_IP
  MAG_cgm
  MAG_cgm_IP
  BIV_filtfrac
Succesfully initialised external wq model.

Attempting to generate model initial conditions:
Trying to open file: ..\BCs\IC\IC-AED2-2013-Feb11NN.csv ... OK. File unit: 101
 ID, WL, U, V, SAL, TEMP, TRACE_1, WQ_1, WQ_2, WQ_3, WQ_4, WQ_5, WQ_6, WQ_7, WQ_8, WQ_9, WQ_10, WQ_11, WQ_12, WQ_13, WQ_14, WQ_15, WQ_16, WQ_17, WQ_18, WQ_19, WQ_20, WQ_21, WQ_22, WQ_23, WQ_24, WQ_25, columns read from csvfile. 21884 lines successfully read.
Closing file unit: 101
Successfully generated model initial conditions.

Attempting to initialise model output:

Allocating output object memory:
Trying to open file: ..\Geo\output_points_epa.csv ... OK. File unit: 101
WARNING: VERT_MIN column not found in csv file. Assigning a value of             NaN
WARNING: VERT_MAX column not found in csv file. Assigning a value of             NaN
 X, Y, ID columns read from csvfile. 20 lines successfully read.
Closing file unit: 101
Trying to open file: ..\Geo\output_points_epa.csv ... OK. File unit: 101
Closing file unit: 101
Depth-Averaging for PT_1                           :    0.000000     to    5.000000
Depth-Averaging for PT_2                           :    0.000000     to    5.000000
Depth-Averaging for PT_3                           :    0.000000     to    5.000000
Depth-Averaging for PT_4                           :    0.000000     to    5.000000
Depth-Averaging for PT_5                           :    0.000000     to    5.000000
Depth-Averaging for PT_6                           :    0.000000     to    5.000000
Depth-Averaging for PT_7                           :    0.000000     to    5.000000
Depth-Averaging for PT_8                           :    0.000000     to    5.000000
Depth-Averaging for PT_9                           :    0.000000     to    5.000000
Depth-Averaging for PT_10                          :    0.000000     to    5.000000
Depth-Averaging for PT_11                          :    0.000000     to    5.000000
Depth-Averaging for PT_12                          :    0.000000     to    5.000000
Depth-Averaging for PT_13                          :    0.000000     to    5.000000
Depth-Averaging for PT_14                          :    0.000000     to    5.000000
Depth-Averaging for PT_15                          :    0.000000     to    5.000000
Depth-Averaging for PT_16                          :    0.000000     to    5.000000
Depth-Averaging for PT_17                          :    0.000000     to    5.000000
Depth-Averaging for PT_18                          :    0.000000     to    5.000000
Depth-Averaging for PT_19                          :    0.000000     to    5.000000
Depth-Averaging for PT_20                          :    0.000000     to    5.000000
Trying to open file: ..\Geo\output_points_epa.csv ... OK. File unit: 101
WARNING: VERT_MIN column not found in csv file. Assigning a value of             NaN
WARNING: VERT_MAX column not found in csv file. Assigning a value of             NaN
 X, Y, ID columns read from csvfile. 20 lines successfully read.
Closing file unit: 101
Trying to open file: ..\Geo\output_points_epa.csv ... OK. File unit: 101
Closing file unit: 101
Depth-Averaging for PT_1                           :    0.000000     to    5.000000
Depth-Averaging for PT_2                           :    0.000000     to    5.000000
Depth-Averaging for PT_3                           :    0.000000     to    5.000000
Depth-Averaging for PT_4                           :    0.000000     to    5.000000
Depth-Averaging for PT_5                           :    0.000000     to    5.000000
Depth-Averaging for PT_6                           :    0.000000     to    5.000000
Depth-Averaging for PT_7                           :    0.000000     to    5.000000
Depth-Averaging for PT_8                           :    0.000000     to    5.000000
Depth-Averaging for PT_9                           :    0.000000     to    5.000000
Depth-Averaging for PT_10                          :    0.000000     to    5.000000
Depth-Averaging for PT_11                          :    0.000000     to    5.000000
Depth-Averaging for PT_12                          :    0.000000     to    5.000000
Depth-Averaging for PT_13                          :    0.000000     to    5.000000
Depth-Averaging for PT_14                          :    0.000000     to    5.000000
Depth-Averaging for PT_15                          :    0.000000     to    5.000000
Depth-Averaging for PT_16                          :    0.000000     to    5.000000
Depth-Averaging for PT_17                          :    0.000000     to    5.000000
Depth-Averaging for PT_18                          :    0.000000     to    5.000000
Depth-Averaging for PT_19                          :    0.000000     to    5.000000
Depth-Averaging for PT_20                          :    0.000000     to    5.000000
Trying to open file: ..\Geo\output_points_epa.csv ... OK. File unit: 101
WARNING: VERT_MIN column not found in csv file. Assigning a value of             NaN
WARNING: VERT_MAX column not found in csv file. Assigning a value of             NaN
 X, Y, ID columns read from csvfile. 20 lines successfully read.
Closing file unit: 101
Trying to open file: ..\Geo\output_points_epa.csv ... OK. File unit: 101
Closing file unit: 101
Depth-Averaging for PT_1                           :    0.000000     to    5.000000
Depth-Averaging for PT_2                           :    0.000000     to    5.000000
Depth-Averaging for PT_3                           :    0.000000     to    5.000000
Depth-Averaging for PT_4                           :    0.000000     to    5.000000
Depth-Averaging for PT_5                           :    0.000000     to    5.000000
Depth-Averaging for PT_6                           :    0.000000     to    5.000000
Depth-Averaging for PT_7                           :    0.000000     to    5.000000
Depth-Averaging for PT_8                           :    0.000000     to    5.000000
Depth-Averaging for PT_9                           :    0.000000     to    5.000000
Depth-Averaging for PT_10                          :    0.000000     to    5.000000
Depth-Averaging for PT_11                          :    0.000000     to    5.000000
Depth-Averaging for PT_12                          :    0.000000     to    5.000000
Depth-Averaging for PT_13                          :    0.000000     to    5.000000
Depth-Averaging for PT_14                          :    0.000000     to    5.000000
Depth-Averaging for PT_15                          :    0.000000     to    5.000000
Depth-Averaging for PT_16                          :    0.000000     to    5.000000
Depth-Averaging for PT_17                          :    0.000000     to    5.000000
Depth-Averaging for PT_18                          :    0.000000     to    5.000000
Depth-Averaging for PT_19                          :    0.000000     to    5.000000
Depth-Averaging for PT_20                          :    0.000000     to    5.000000
Trying to open file: ..\Geo\output_points_epa.csv ... OK. File unit: 101
WARNING: VERT_MIN column not found in csv file. Assigning a value of             NaN
WARNING: VERT_MAX column not found in csv file. Assigning a value of             NaN
 X, Y, ID columns read from csvfile. 20 lines successfully read.
Closing file unit: 101
Trying to open file: ..\Geo\output_points_epa.csv ... OK. File unit: 101
Closing file unit: 101
Depth-Averaging for PT_1                           :    1.000000     to    1.000000
Depth-Averaging for PT_2                           :    1.000000     to    1.000000
Depth-Averaging for PT_3                           :    1.000000     to    1.000000
Depth-Averaging for PT_4                           :    1.000000     to    1.000000
Depth-Averaging for PT_5                           :    1.000000     to    1.000000
Depth-Averaging for PT_6                           :    1.000000     to    1.000000
Depth-Averaging for PT_7                           :    1.000000     to    1.000000
Depth-Averaging for PT_8                           :    1.000000     to    1.000000
Depth-Averaging for PT_9                           :    1.000000     to    1.000000
Depth-Averaging for PT_10                          :    1.000000     to    1.000000
Depth-Averaging for PT_11                          :    1.000000     to    1.000000
Depth-Averaging for PT_12                          :    1.000000     to    1.000000
Depth-Averaging for PT_13                          :    1.000000     to    1.000000
Depth-Averaging for PT_14                          :    1.000000     to    1.000000
Depth-Averaging for PT_15                          :    1.000000     to    1.000000
Depth-Averaging for PT_16                          :    1.000000     to    1.000000
Depth-Averaging for PT_17                          :    1.000000     to    1.000000
Depth-Averaging for PT_18                          :    1.000000     to    1.000000
Depth-Averaging for PT_19                          :    1.000000     to    1.000000
Depth-Averaging for PT_20                          :    1.000000     to    1.000000
Memory allocation OK.

Processing output requests:
Processing request 1 is...
OK.
Processing request 2 is...
OK.
Processing request 3 is...
OK.
Processing request 4 is...
OK.
Processing request 5 is...
Output point 1 is inside cell 2433.
Output point 2 is inside cell 2452.
Output point 3 is inside cell 3103.
Output point 4 is inside cell 3099.
Output point 5 is inside cell 8009.
Output point 6 is inside cell 7772.
Output point 7 is inside cell 7658.
Output point 8 is inside cell 9553.
Output point 9 is inside cell 9841.
Output point 10 is inside cell 10125.
Output point 11 is inside cell 12002.
Output point 12 is inside cell 11980.
Output point 13 is inside cell 10816.
Output point 14 is inside cell 8404.
Output point 15 is inside cell 15034.
Output point 16 is inside cell 19934.
Output point 17 is inside cell 19992.
Output point 18 is inside cell 19423.
Output point 19 is inside cell 18902.
Output point 20 is inside cell 16857.
OK.
Processing request 6 is...
Output point 1 is inside cell 2433.
Output point 2 is inside cell 2452.
Output point 3 is inside cell 3103.
Output point 4 is inside cell 3099.
Output point 5 is inside cell 8009.
Output point 6 is inside cell 7772.
Output point 7 is inside cell 7658.
Output point 8 is inside cell 9553.
Output point 9 is inside cell 9841.
Output point 10 is inside cell 10125.
Output point 11 is inside cell 12002.
Output point 12 is inside cell 11980.
Output point 13 is inside cell 10816.
Output point 14 is inside cell 8404.
Output point 15 is inside cell 15034.
Output point 16 is inside cell 19934.
Output point 17 is inside cell 19992.
Output point 18 is inside cell 19423.
Output point 19 is inside cell 18902.
Output point 20 is inside cell 16857.
OK.
Processing request 7 is...
Output point 1 is inside cell 2433.
Output point 2 is inside cell 2452.
Output point 3 is inside cell 3103.
Output point 4 is inside cell 3099.
Output point 5 is inside cell 8009.
Output point 6 is inside cell 7772.
Output point 7 is inside cell 7658.
Output point 8 is inside cell 9553.
Output point 9 is inside cell 9841.
Output point 10 is inside cell 10125.
Output point 11 is inside cell 12002.
Output point 12 is inside cell 11980.
Output point 13 is inside cell 10816.
Output point 14 is inside cell 8404.
Output point 15 is inside cell 15034.
Output point 16 is inside cell 19934.
Output point 17 is inside cell 19992.
Output point 18 is inside cell 19423.
Output point 19 is inside cell 18902.
Output point 20 is inside cell 16857.
OK.
Processing request 8 is...
Output point 1 is inside cell 2433.
Output point 2 is inside cell 2452.
Output point 3 is inside cell 3103.
Output point 4 is inside cell 3099.
Output point 5 is inside cell 8009.
Output point 6 is inside cell 7772.
Output point 7 is inside cell 7658.
Output point 8 is inside cell 9553.
Output point 9 is inside cell 9841.
Output point 10 is inside cell 10125.
Output point 11 is inside cell 12002.
Output point 12 is inside cell 11980.
Output point 13 is inside cell 10816.
Output point 14 is inside cell 8404.
Output point 15 is inside cell 15034.
Output point 16 is inside cell 19934.
Output point 17 is inside cell 19992.
Output point 18 is inside cell 19423.
Output point 19 is inside cell 18902.
Output point 20 is inside cell 16857.
OK.

Opening output files...
Trying to open file: ..\Output\erie_00_TFV.nc ...OK
Trying to open file: ..\Output\erie_00_AED.nc ...OK
Trying to open file: ..\Output\erie_00_AED_diag.nc ...OK
Trying to open file: ..\Output\erie_00_FLUX.csv ... OK. File unit: 101
Trying to open file: ..\Output\erie_00_POINTS_depth_surf_temp.csv ... OK. File unit: 102
Trying to open file: ..\Output\erie_00_POINTS_depth_surf_TOT_TN.csv ... OK. File unit: 103
Trying to open file: ..\Output\erie_00_POINTS_depth_surf_PHY_EDIAT_fPho.csv ... OK. File unit: 104
Trying to open file: ..\Output\erie_00_POINTS_bot_tbiv.csv ... OK. File unit: 105

Successfully initialised model output.

Running simulation
Number of OpenMP threads=4
Thread stacksize=4194304

Entering timestep loop
t = 07/05/2013 00:00:00.  dt =   0.000 /  0.000 s.  elapsed time =       0.0 s.
    Writing NETCDF output. t = 07/05/2013 00:00:00.
    Writing NETCDF output. t = 07/05/2013 00:00:00.
    Writing NETCDF output. t = 07/05/2013 00:00:00.
    Writing nodestring flux output. t = 07/05/2013 00:00:00.
    Writing point timeseries output. t = 07/05/2013 00:00:00.
    Writing point timeseries output. t = 07/05/2013 00:00:00.
    Writing point timeseries output. t = 07/05/2013 00:00:00.
    Writing point timeseries output. t = 07/05/2013 00:00:00.
t = 07/05/2013 00:15:00.  dt =  10.000 / 10.000 s.  elapsed time =      39.9 s.
t = 07/05/2013 00:30:00.  dt =  10.000 / 10.000 s.  elapsed time =      78.0 s.
    Calling AED2. t = 07/05/2013 00:30:00.
    Returning from AED2.
t = 07/05/2013 00:45:00.  dt =  10.000 / 10.000 s.  elapsed time =     118.4 s.
t = 07/05/2013 01:00:00.  dt =  10.000 / 10.000 s.  elapsed time =     156.9 s.
    Calling AED2. t = 07/05/2013 01:00:00.
    Returning from AED2.
t = 07/05/2013 01:15:00.  dt =  10.000 / 10.000 s.  elapsed time =     200.9 s.
t = 07/05/2013 01:30:00.  dt =  10.000 / 10.000 s.  elapsed time =     240.2 s.
    Calling AED2. t = 07/05/2013 01:30:00.
    Returning from AED2.
t = 07/05/2013 01:45:00.  dt =  10.000 / 10.000 s.  elapsed time =     282.8 s.
t = 07/05/2013 02:00:00.  dt =  10.000 / 10.000 s.  elapsed time =     322.8 s.
    Calling AED2. t = 07/05/2013 02:00:00.
    Returning from AED2.
    Writing nodestring flux output. t = 07/05/2013 02:00:00.
    Writing point timeseries output. t = 07/05/2013 02:00:00.
    Writing point timeseries output. t = 07/05/2013 02:00:00.
    Writing point timeseries output. t = 07/05/2013 02:00:00.
    Writing point timeseries output. t = 07/05/2013 02:00:00.
t = 07/05/2013 02:15:00.  dt =  10.000 / 10.000 s.  elapsed time =     363.6 s.
t = 07/05/2013 02:30:00.  dt =  10.000 / 10.000 s.  elapsed time =     402.6 s.
    Calling AED2. t = 07/05/2013 02:30:00.
    Returning from AED2.
t = 07/05/2013 02:45:00.  dt =  10.000 / 10.000 s.  elapsed time =     444.2 s.
t = 07/05/2013 03:00:00.  dt =  10.000 / 10.000 s.  elapsed time =     483.2 s.
    Calling AED2. t = 07/05/2013 03:00:00.
    Returning from AED2.
t = 07/05/2013 03:15:00.  dt =  10.000 / 10.000 s.  elapsed time =     524.0 s.
t = 07/05/2013 03:30:00.  dt =  10.000 / 10.000 s.  elapsed time =     563.4 s.
    Calling AED2. t = 07/05/2013 03:30:00.
    Returning from AED2.
t = 07/05/2013 03:45:00.  dt =  10.000 / 10.000 s.  elapsed time =     605.0 s.
t = 07/05/2013 04:00:00.  dt =  10.000 / 10.000 s.  elapsed time =     644.0 s.
    Calling AED2. t = 07/05/2013 04:00:00.
    Returning from AED2.
    Writing NETCDF output. t = 07/05/2013 04:00:00.
    Writing NETCDF output. t = 07/05/2013 04:00:00.
    Writing nodestring flux output. t = 07/05/2013 04:00:00.
    Writing point timeseries output. t = 07/05/2013 04:00:00.
    Writing point timeseries output. t = 07/05/2013 04:00:00.
    Writing point timeseries output. t = 07/05/2013 04:00:00.
    Writing point timeseries output. t = 07/05/2013 04:00:00.
t = 07/05/2013 04:15:00.  dt =  10.000 / 10.000 s.  elapsed time =     685.6 s.
t = 07/05/2013 04:30:00.  dt =  10.000 / 10.000 s.  elapsed time =     724.9 s.
    Calling AED2. t = 07/05/2013 04:30:00.
    Returning from AED2.
t = 07/05/2013 04:45:00.  dt =  10.000 / 10.000 s.  elapsed time =     765.7 s.
t = 07/05/2013 05:00:00.  dt =  10.000 / 10.000 s.  elapsed time =     804.4 s.
    Calling AED2. t = 07/05/2013 05:00:00.
    Returning from AED2.
t = 07/05/2013 05:15:00.  dt =  10.000 / 10.000 s.  elapsed time =     844.9 s.
t = 07/05/2013 05:30:00.  dt =  10.000 / 10.000 s.  elapsed time =     883.5 s.
    Calling AED2. t = 07/05/2013 05:30:00.
    Returning from AED2.
t = 07/05/2013 05:45:00.  dt =  10.000 / 10.000 s.  elapsed time =     924.2 s.
t = 07/05/2013 06:00:00.  dt =  10.000 / 10.000 s.  elapsed time =     962.9 s.
    Calling AED2. t = 07/05/2013 06:00:00.
    Returning from AED2.
    Writing nodestring flux output. t = 07/05/2013 06:00:00.
    Writing point timeseries output. t = 07/05/2013 06:00:00.
    Writing point timeseries output. t = 07/05/2013 06:00:00.
    Writing point timeseries output. t = 07/05/2013 06:00:00.
    Writing point timeseries output. t = 07/05/2013 06:00:00.
t = 07/05/2013 06:15:00.  dt =  10.000 / 10.000 s.  elapsed time =    1003.5 s.
t = 07/05/2013 06:30:00.  dt =  10.000 / 10.000 s.  elapsed time =    1042.1 s.
    Calling AED2. t = 07/05/2013 06:30:00.
    Returning from AED2.
t = 07/05/2013 06:45:00.  dt =  10.000 / 10.000 s.  elapsed time =    1082.5 s.
t = 07/05/2013 07:00:00.  dt =  10.000 / 10.000 s.  elapsed time =    1121.1 s.
    Calling AED2. t = 07/05/2013 07:00:00.
    Returning from AED2.
t = 07/05/2013 07:15:00.  dt =  10.000 / 10.000 s.  elapsed time =    1161.5 s.
t = 07/05/2013 07:30:00.  dt =  10.000 / 10.000 s.  elapsed time =    1201.4 s.
    Calling AED2. t = 07/05/2013 07:30:00.
    Returning from AED2.
t = 07/05/2013 07:45:00.  dt =  10.000 / 10.000 s.  elapsed time =    1242.1 s.
t = 07/05/2013 08:00:00.  dt =  10.000 / 10.000 s.  elapsed time =    1280.5 s.
    Calling AED2. t = 07/05/2013 08:00:00.
    Returning from AED2.
    Writing NETCDF output. t = 07/05/2013 08:00:00.
    Writing NETCDF output. t = 07/05/2013 08:00:00.
    Writing NETCDF output. t = 07/05/2013 08:00:00.
    Writing nodestring flux output. t = 07/05/2013 08:00:00.
    Writing point timeseries output. t = 07/05/2013 08:00:00.
    Writing point timeseries output. t = 07/05/2013 08:00:00.
    Writing point timeseries output. t = 07/05/2013 08:00:00.
    Writing point timeseries output. t = 07/05/2013 08:00:00.
t = 07/05/2013 08:15:00.  dt =  10.000 / 10.000 s.  elapsed time =    1324.4 s.
t = 07/05/2013 08:30:00.  dt =  10.000 / 10.000 s.  elapsed time =    1363.1 s.
    Calling AED2. t = 07/05/2013 08:30:00.
    Returning from AED2.
t = 07/05/2013 08:45:00.  dt =  10.000 / 10.000 s.  elapsed time =    1403.7 s.
t = 07/05/2013 09:00:00.  dt =  10.000 / 10.000 s.  elapsed time =    1442.3 s.
    Calling AED2. t = 07/05/2013 09:00:00.
    Returning from AED2.
t = 07/05/2013 09:15:00.  dt =  10.000 / 10.000 s.  elapsed time =    1482.9 s.
t = 07/05/2013 09:30:00.  dt =  10.000 / 10.000 s.  elapsed time =    1522.4 s.
    Calling AED2. t = 07/05/2013 09:30:00.
    Returning from AED2.
t = 07/05/2013 09:45:00.  dt =  10.000 / 10.000 s.  elapsed time =    1563.7 s.
t = 07/05/2013 10:00:00.  dt =  10.000 / 10.000 s.  elapsed time =    1602.5 s.
    Calling AED2. t = 07/05/2013 10:00:00.
    Returning from AED2.
    Writing nodestring flux output. t = 07/05/2013 10:00:00.
    Writing point timeseries output. t = 07/05/2013 10:00:00.
    Writing point timeseries output. t = 07/05/2013 10:00:00.
    Writing point timeseries output. t = 07/05/2013 10:00:00.
    Writing point timeseries output. t = 07/05/2013 10:00:00.
t = 07/05/2013 10:15:00.  dt =  10.000 / 10.000 s.  elapsed time =    1643.0 s.
t = 07/05/2013 10:30:00.  dt =  10.000 / 10.000 s.  elapsed time =    1681.5 s.
    Calling AED2. t = 07/05/2013 10:30:00.
    Returning from AED2.
t = 07/05/2013 10:45:00.  dt =  10.000 / 10.000 s.  elapsed time =    1722.1 s.
t = 07/05/2013 11:00:00.  dt =  10.000 / 10.000 s.  elapsed time =    1761.4 s.
    Calling AED2. t = 07/05/2013 11:00:00.
    Returning from AED2.
t = 07/05/2013 11:15:00.  dt =  10.000 / 10.000 s.  elapsed time =    1802.5 s.
t = 07/05/2013 11:30:00.  dt =  10.000 / 10.000 s.  elapsed time =    1841.5 s.
    Calling AED2. t = 07/05/2013 11:30:00.
    Returning from AED2.
t = 07/05/2013 11:45:00.  dt =  10.000 / 10.000 s.  elapsed time =    1881.9 s.
t = 07/05/2013 12:00:00.  dt =  10.000 / 10.000 s.  elapsed time =    1920.5 s.
    Calling AED2. t = 07/05/2013 12:00:00.
    Returning from AED2.
    Writing NETCDF output. t = 07/05/2013 12:00:00.
    Writing NETCDF output. t = 07/05/2013 12:00:00.
    Writing nodestring flux output. t = 07/05/2013 12:00:00.
    Writing point timeseries output. t = 07/05/2013 12:00:00.
    Writing point timeseries output. t = 07/05/2013 12:00:00.
    Writing point timeseries output. t = 07/05/2013 12:00:00.
    Writing point timeseries output. t = 07/05/2013 12:00:00.
t = 07/05/2013 12:15:00.  dt =  10.000 / 10.000 s.  elapsed time =    1962.1 s.
t = 07/05/2013 12:30:00.  dt =  10.000 / 10.000 s.  elapsed time =    2000.8 s.
    Calling AED2. t = 07/05/2013 12:30:00.
    Returning from AED2.
t = 07/05/2013 12:45:00.  dt =  10.000 / 10.000 s.  elapsed time =    2041.0 s.
t = 07/05/2013 13:00:00.  dt =  10.000 / 10.000 s.  elapsed time =    2079.5 s.
    Calling AED2. t = 07/05/2013 13:00:00.
    Returning from AED2.
t = 07/05/2013 13:15:00.  dt =  10.000 / 10.000 s.  elapsed time =    2120.0 s.
t = 07/05/2013 13:30:00.  dt =  10.000 / 10.000 s.  elapsed time =    2159.7 s.
    Calling AED2. t = 07/05/2013 13:30:00.
    Returning from AED2.
t = 07/05/2013 13:45:00.  dt =  10.000 / 10.000 s.  elapsed time =    2200.9 s.
t = 07/05/2013 14:00:00.  dt =  10.000 / 10.000 s.  elapsed time =    2240.4 s.
    Calling AED2. t = 07/05/2013 14:00:00.
    Returning from AED2.
    Writing nodestring flux output. t = 07/05/2013 14:00:00.
    Writing point timeseries output. t = 07/05/2013 14:00:00.
    Writing point timeseries output. t = 07/05/2013 14:00:00.
    Writing point timeseries output. t = 07/05/2013 14:00:00.
    Writing point timeseries output. t = 07/05/2013 14:00:00.
t = 07/05/2013 14:15:00.  dt =  10.000 / 10.000 s.  elapsed time =    2280.8 s.
t = 07/05/2013 14:30:00.  dt =  10.000 / 10.000 s.  elapsed time =    2319.2 s.
    Calling AED2. t = 07/05/2013 14:30:00.
    Returning from AED2.
t = 07/05/2013 14:45:00.  dt =  10.000 / 10.000 s.  elapsed time =    2359.9 s.
t = 07/05/2013 15:00:00.  dt =  10.000 / 10.000 s.  elapsed time =    2398.5 s.
    Calling AED2. t = 07/05/2013 15:00:00.
    Returning from AED2.
t = 07/05/2013 15:15:00.  dt =  10.000 / 10.000 s.  elapsed time =    2439.4 s.
t = 07/05/2013 15:30:00.  dt =  10.000 / 10.000 s.  elapsed time =    2478.3 s.
    Calling AED2. t = 07/05/2013 15:30:00.
    Returning from AED2.
t = 07/05/2013 15:45:00.  dt =  10.000 / 10.000 s.  elapsed time =    2518.8 s.
t = 07/05/2013 16:00:00.  dt =  10.000 / 10.000 s.  elapsed time =    2557.6 s.
    Calling AED2. t = 07/05/2013 16:00:00.
    Returning from AED2.
    Writing NETCDF output. t = 07/05/2013 16:00:00.
    Writing NETCDF output. t = 07/05/2013 16:00:00.
    Writing NETCDF output. t = 07/05/2013 16:00:00.
    Writing nodestring flux output. t = 07/05/2013 16:00:00.
    Writing point timeseries output. t = 07/05/2013 16:00:00.
    Writing point timeseries output. t = 07/05/2013 16:00:00.
    Writing point timeseries output. t = 07/05/2013 16:00:00.
    Writing point timeseries output. t = 07/05/2013 16:00:00.
t = 07/05/2013 16:15:00.  dt =  10.000 / 10.000 s.  elapsed time =    2601.6 s.
t = 07/05/2013 16:30:00.  dt =  10.000 / 10.000 s.  elapsed time =    2640.2 s.
    Calling AED2. t = 07/05/2013 16:30:00.
    Returning from AED2.
t = 07/05/2013 16:45:00.  dt =  10.000 / 10.000 s.  elapsed time =    2680.5 s.
t = 07/05/2013 17:00:00.  dt =  10.000 / 10.000 s.  elapsed time =    2719.1 s.
    Calling AED2. t = 07/05/2013 17:00:00.
    Returning from AED2.
t = 07/05/2013 17:15:00.  dt =  10.000 / 10.000 s.  elapsed time =    2759.5 s.
t = 07/05/2013 17:30:00.  dt =  10.000 / 10.000 s.  elapsed time =    2798.0 s.
    Calling AED2. t = 07/05/2013 17:30:00.
    Returning from AED2.
t = 07/05/2013 17:45:00.  dt =  10.000 / 10.000 s.  elapsed time =    2838.5 s.
t = 07/05/2013 18:00:00.  dt =  10.000 / 10.000 s.  elapsed time =    2876.9 s.
    Calling AED2. t = 07/05/2013 18:00:00.
    Returning from AED2.
    Writing nodestring flux output. t = 07/05/2013 18:00:00.
    Writing point timeseries output. t = 07/05/2013 18:00:00.
    Writing point timeseries output. t = 07/05/2013 18:00:00.
    Writing point timeseries output. t = 07/05/2013 18:00:00.
    Writing point timeseries output. t = 07/05/2013 18:00:00.
t = 07/05/2013 18:15:00.  dt =  10.000 / 10.000 s.  elapsed time =    2917.3 s.
t = 07/05/2013 18:30:00.  dt =  10.000 / 10.000 s.  elapsed time =    2955.8 s.
    Calling AED2. t = 07/05/2013 18:30:00.
    Returning from AED2.
t = 07/05/2013 18:45:00.  dt =  10.000 / 10.000 s.  elapsed time =    2996.2 s.
t = 07/05/2013 19:00:00.  dt =  10.000 / 10.000 s.  elapsed time =    3035.0 s.
    Calling AED2. t = 07/05/2013 19:00:00.
    Returning from AED2.
t = 07/05/2013 19:15:00.  dt =  10.000 / 10.000 s.  elapsed time =    3075.3 s.
t = 07/05/2013 19:30:00.  dt =  10.000 / 10.000 s.  elapsed time =    3113.6 s.
    Calling AED2. t = 07/05/2013 19:30:00.
    Returning from AED2.
t = 07/05/2013 19:45:00.  dt =  10.000 / 10.000 s.  elapsed time =    3153.8 s.
t = 07/05/2013 20:00:00.  dt =  10.000 / 10.000 s.  elapsed time =    3192.0 s.
    Calling AED2. t = 07/05/2013 20:00:00.
    Returning from AED2.
    Writing NETCDF output. t = 07/05/2013 20:00:00.
    Writing NETCDF output. t = 07/05/2013 20:00:00.
    Writing nodestring flux output. t = 07/05/2013 20:00:00.
    Writing point timeseries output. t = 07/05/2013 20:00:00.
    Writing point timeseries output. t = 07/05/2013 20:00:00.
    Writing point timeseries output. t = 07/05/2013 20:00:00.
    Writing point timeseries output. t = 07/05/2013 20:00:00.
t = 07/05/2013 20:15:00.  dt =  10.000 / 10.000 s.  elapsed time =    3233.2 s.
t = 07/05/2013 20:30:00.  dt =  10.000 / 10.000 s.  elapsed time =    3271.5 s.
    Calling AED2. t = 07/05/2013 20:30:00.
    Returning from AED2.
t = 07/05/2013 20:45:00.  dt =  10.000 / 10.000 s.  elapsed time =    3313.1 s.
t = 07/05/2013 21:00:00.  dt =  10.000 / 10.000 s.  elapsed time =    3351.6 s.
    Calling AED2. t = 07/05/2013 21:00:00.
    Returning from AED2.
t = 07/05/2013 21:15:00.  dt =  10.000 / 10.000 s.  elapsed time =    3392.0 s.
t = 07/05/2013 21:30:00.  dt =  10.000 / 10.000 s.  elapsed time =    3430.7 s.
    Calling AED2. t = 07/05/2013 21:30:00.
    Returning from AED2.
t = 07/05/2013 21:45:00.  dt =  10.000 / 10.000 s.  elapsed time =    3471.3 s.
t = 07/05/2013 22:00:00.  dt =  10.000 / 10.000 s.  elapsed time =    3509.5 s.
    Calling AED2. t = 07/05/2013 22:00:00.
    Returning from AED2.
    Writing nodestring flux output. t = 07/05/2013 22:00:00.
    Writing point timeseries output. t = 07/05/2013 22:00:00.
    Writing point timeseries output. t = 07/05/2013 22:00:00.
    Writing point timeseries output. t = 07/05/2013 22:00:00.
    Writing point timeseries output. t = 07/05/2013 22:00:00.
t = 07/05/2013 22:15:00.  dt =  10.000 / 10.000 s.  elapsed time =    3549.7 s.
t = 07/05/2013 22:30:00.  dt =  10.000 / 10.000 s.  elapsed time =    3588.0 s.
    Calling AED2. t = 07/05/2013 22:30:00.
    Returning from AED2.
t = 07/05/2013 22:45:00.  dt =  10.000 / 10.000 s.  elapsed time =    3630.9 s.
t = 07/05/2013 23:00:00.  dt =  10.000 / 10.000 s.  elapsed time =    3669.6 s.
    Calling AED2. t = 07/05/2013 23:00:00.
    Returning from AED2.
t = 07/05/2013 23:15:00.  dt =  10.000 / 10.000 s.  elapsed time =    3709.9 s.
t = 07/05/2013 23:30:00.  dt =  10.000 / 10.000 s.  elapsed time =    3749.0 s.
    Calling AED2. t = 07/05/2013 23:30:00.
    Returning from AED2.
t = 07/05/2013 23:45:00.  dt =  10.000 / 10.000 s.  elapsed time =    3789.3 s.
t = 08/05/2013 00:00:00.  dt =  10.000 / 10.000 s.  elapsed time =    3827.8 s.
    Calling AED2. t = 08/05/2013 00:00:00.
    Returning from AED2.
    Writing NETCDF output. t = 08/05/2013 00:00:00.
    Writing NETCDF output. t = 08/05/2013 00:00:00.
    Writing NETCDF output. t = 08/05/2013 00:00:00.
    Writing nodestring flux output. t = 08/05/2013 00:00:00.
    Writing point timeseries output. t = 08/05/2013 00:00:00.
    Writing point timeseries output. t = 08/05/2013 00:00:00.
    Writing point timeseries output. t = 08/05/2013 00:00:00.
    Writing point timeseries output. t = 08/05/2013 00:00:00.
t = 08/05/2013 00:15:00.  dt =  10.000 / 10.000 s.  elapsed time =    3871.6 s.
t = 08/05/2013 00:30:00.  dt =  10.000 / 10.000 s.  elapsed time =    3910.0 s.
    Calling AED2. t = 08/05/2013 00:30:00.
    Returning from AED2.
t = 08/05/2013 00:45:00.  dt =  10.000 / 10.000 s.  elapsed time =    3950.5 s.
t = 08/05/2013 01:00:00.  dt =  10.000 / 10.000 s.  elapsed time =    3988.9 s.
    Calling AED2. t = 08/05/2013 01:00:00.
    Returning from AED2.
t = 08/05/2013 01:15:00.  dt =  10.000 / 10.000 s.  elapsed time =    4029.5 s.
t = 08/05/2013 01:30:00.  dt =  10.000 / 10.000 s.  elapsed time =    4067.8 s.
    Calling AED2. t = 08/05/2013 01:30:00.
    Returning from AED2.
