
***************************** TUFLOWFV *****************************

Build version: 2015.01.028_dev
Build date: 18/09/2017 10:20
Build platform: Linux
Build architecture:  x86-64
Compiler version: Ifort 16.0.1
Build precision: single

********************************************************************

Computer name: Matts-MacBook-Pro.local
User name: matthipsey
Execution timestamp: 08/11/2019 08:11:43

Attempting to process input control file:
Trying to open file: erie.fvc ...NOT OK

ERROR: Unable to open file: erie.fvc

ERROR-STACK:fvctrl_construct:fvopen:Unable to open file: erie.fvc


Simulation Summary:

Input File: /Users/matthipsey/Desktop/tfv_006_2013_BMT_aed2_BIV/erie.fvc
Log File: /Users/matthipsey/Desktop/tfv_006_2013_BMT_aed2_BIV/erie.log

Computer name: Matts-MacBook-Pro.local
User name: matthipsey
Execution Timestamp: 08/11/2019 08:11:43
Execution Completed: 08/11/2019 08:11:43

Number of warnings = 0

Fatal Error Encountered!


Exiting TUFLOWFV

